INFO:The total numbers of args passed to the script: 1 
INFO:Args list: ['/home/pi/custom/setLedByGame.py'] 
INFO:The total numbers of args passed to the script: 1 
INFO:Args list: ['/home/pi/custom/setLedByGame.py'] 
INFO:The total numbers of args passed to the script: 1 
INFO:Args list: ['./setLedByGame.py'] 
INFO:The total numbers of args passed to the script: 1 
INFO:Args list: ['./setLedByGame.py'] 
INFO:The total numbers of args passed to the script: 1 
INFO:Args list: ['./setLedByGame.py'] 
INFO:The total numbers of args passed to the script: 1 
INFO:Args list: ['./setLedByGame.py'] 
INFO:The total numbers of args passed to the script: 1 
INFO:Args list: ['./setLedByGame.py'] 
INFO:The total numbers of args passed to the script: 1 
INFO:Args list: ['./setLedByGame.py'] 
INFO:The total numbers of args passed to the script: 1 
INFO:Args list: ['./setLedByGame.py'] 
INFO:The total numbers of args passed to the script: 1 
INFO:Args list: ['./setLedByGame.py'] 
INFO:The total numbers of args passed to the script: 1 
INFO:Args list: ['./setLedByGame.py'] 
INFO:The total numbers of args passed to the script: 1 
INFO:Args list: ['./setLedByGame.py'] 
INFO:The total numbers of args passed to the script: 1 
INFO:Args list: ['./setLedByGame.py'] 
INFO:The total numbers of args passed to the script: 1 
INFO:Args list: ['./setLedByGame.py'] 
INFO:The total numbers of args passed to the script: 1 
INFO:Args list: ['./setLedByGame.py'] 
INFO:The total numbers of args passed to the script: 1 
INFO:Args list: ['./setLedByGame.py'] 
INFO:The total numbers of args passed to the script: 1 
INFO:Args list: ['./setLedByGame.py'] 
INFO:The total numbers of args passed to the script: 1 
INFO:Args list: ['./setLedByGame.py'] 
INFO:The total numbers of args passed to the script: 1 
INFO:Args list: ['./setLedByGame.py'] 
INFO:The total numbers of args passed to the script: 1 
INFO:Args list: ['./setLedByGame.py'] 
INFO:The total numbers of args passed to the script: 1 
INFO:Args list: ['./setLedByGame.py'] 
INFO:The total numbers of args passed to the script: 1 
INFO:Args list: ['./setLedByGame.py'] 
INFO:The total numbers of args passed to the script: 1 
INFO:Args list: ['./setLedByGame.py'] 
INFO:The total numbers of args passed to the script: 1 
INFO:Args list: ['./setLedByGame.py'] 
INFO:The total numbers of args passed to the script: 1 
INFO:Args list: ['./setLedByGame.py'] 
INFO:The total numbers of args passed to the script: 1 
INFO:Args list: ['./setLedByGame.py'] 
INFO:The total numbers of args passed to the script: 1 
INFO:Args list: ['./setLedByGame.py'] 
INFO:The total numbers of args passed to the script: 1 
INFO:Args list: ['./setLedByGame.py'] 
INFO:The total numbers of args passed to the script: 1 
INFO:Args list: ['./setLedByGame.py'] 
INFO:The total numbers of args passed to the script: 1 
INFO:Args list: ['./setLedByGame.py'] 
INFO:The total numbers of args passed to the script: 1 
INFO:Args list: ['./setLedByGame.py'] 
INFO:The total numbers of args passed to the script: 1 
INFO:Args list: ['./setLedByGame.py'] 
INFO:The total numbers of args passed to the script: 1 
INFO:Args list: ['./setLedByGame.py'] 
INFO:The total numbers of args passed to the script: 1 
INFO:Args list: ['./setLedByGame.py'] 
INFO:The total numbers of args passed to the script: 1 
INFO:Args list: ['./setLedByGame.py'] 
INFO:The total numbers of args passed to the script: 1 
INFO:Args list: ['./setLedByGame.py'] 
INFO:The total numbers of args passed to the script: 1 
INFO:Args list: ['./setLedByGame.py'] 
INFO:The total numbers of args passed to the script: 1 
INFO:Args list: ['./setLedByGame.py'] 
INFO:The total numbers of args passed to the script: 1 
INFO:Args list: ['./setLedByGame.py'] 
INFO:The total numbers of args passed to the script: 1 
INFO:Args list: ['./setLedByGame.py'] 
INFO:The total numbers of args passed to the script: 1 
INFO:Args list: ['./setLedByGame.py'] 
INFO:The total numbers of args passed to the script: 1 
INFO:Args list: ['./setLedByGame.py'] 
INFO:The total numbers of args passed to the script: 1 
INFO:Args list: ['./setLedByGame.py'] 
INFO:The total numbers of args passed to the script: 1 
INFO:Args list: ['./setLedByGame.py'] 
INFO:The total numbers of args passed to the script: 1 
INFO:Args list: ['./setLedByGame.py'] 
INFO:The total numbers of args passed to the script: 1 
INFO:Args list: ['./setLedByGame.py'] 
INFO:The total numbers of args passed to the script: 1 
INFO:Args list: ['./setLedByGame.py'] 
INFO:The total numbers of args passed to the script: 1 
INFO:Args list: ['./setLedByGame.py'] 
INFO:The total numbers of args passed to the script: 1 
INFO:Args list: ['./setLedByGame.py'] 
INFO:The total numbers of args passed to the script: 1 
INFO:Args list: ['./setLedByGame.py'] 
INFO:The total numbers of args passed to the script: 1 
INFO:Args list: ['./setLedByGame.py'] 
INFO:The total numbers of args passed to the script: 1 
INFO:Args list: ['./setLedByGame.py'] 
INFO:The total numbers of args passed to the script: 1 
INFO:Args list: ['./setLedByGame.py'] 
INFO:The total numbers of args passed to the script: 1 
INFO:Args list: ['./setLedByGame.py'] 
INFO:The total numbers of args passed to the script: 1 
INFO:Args list: ['./setLedByGame.py'] 
INFO:The total numbers of args passed to the script: 1 
INFO:Args list: ['./setLedByGame.py'] 
INFO:The total numbers of args passed to the script: 1 
INFO:Args list: ['./setLedByGame.py'] 
INFO:The total numbers of args passed to the script: 1 
INFO:Args list: ['./setLedByGame.py'] 
INFO:The total numbers of args passed to the script: 1 
INFO:Args list: ['./setLedByGame.py'] 
INFO:The total numbers of args passed to the script: 1 
INFO:Args list: ['./setLedByGame.py'] 
INFO:The total numbers of args passed to the script: 1 
INFO:Args list: ['./setLedByGame.py'] 
INFO:The total numbers of args passed to the script: 1 
INFO:Args list: ['./setLedByGame.py'] 
INFO:The total numbers of args passed to the script: 1 
INFO:Args list: ['./setLedByGame.py'] 
INFO:The total numbers of args passed to the script: 1 
INFO:Args list: ['./setLedByGame.py'] 
INFO:The total numbers of args passed to the script: 1 
INFO:Args list: ['./setLedByGame.py'] 
INFO:The total numbers of args passed to the script: 1 
INFO:Args list: ['./setLedByGame.py'] 
INFO:The total numbers of args passed to the script: 1 
INFO:Args list: ['./setLedByGame.py'] 
INFO:The total numbers of args passed to the script: 1 
INFO:Args list: ['./setLedByGame.py'] 
INFO:The total numbers of args passed to the script: 1 
INFO:Args list: ['./setLedByGame.py'] 
INFO:The total numbers of args passed to the script: 1 
INFO:Args list: ['./setLedByGame.py'] 
INFO:The total numbers of args passed to the script: 1 
INFO:Args list: ['./setLedByGame.py'] 
INFO:The total numbers of args passed to the script: 1 
INFO:Args list: ['./setLedByGame.py'] 
INFO:The total numbers of args passed to the script: 1 
INFO:Args list: ['./setLedByGame.py'] 
INFO:The total numbers of args passed to the script: 1 
INFO:Args list: ['./setLedByGame.py'] 
INFO:The total numbers of args passed to the script: 1 
INFO:Args list: ['./setLedByGame.py'] 
INFO:The total numbers of args passed to the script: 1 
INFO:Args list: ['./setLedByGame.py'] 
INFO:The total numbers of args passed to the script: 1 
INFO:Args list: ['./setLedByGame.py'] 
INFO:The total numbers of args passed to the script: 1 
INFO:Args list: ['./setLedByGame.py'] 
INFO:The total numbers of args passed to the script: 1 
INFO:Args list: ['./setLedByGame.py'] 
INFO:The total numbers of args passed to the script: 1 
INFO:Args list: ['./setLedByGame.py'] 
INFO:The total numbers of args passed to the script: 1 
INFO:Args list: ['./setLedByGame.py'] 
INFO:The total numbers of args passed to the script: 1 
INFO:Args list: ['./setLedByGame.py'] 
INFO:The total numbers of args passed to the script: 1 
INFO:Args list: ['./setLedByGame.py'] 
INFO:The total numbers of args passed to the script: 1 
INFO:Args list: ['./setLedByGame.py'] 
INFO:The total numbers of args passed to the script: 1 
INFO:Args list: ['./setLedByGame.py'] 
INFO:The total numbers of args passed to the script: 1 
INFO:Args list: ['./setLedByGame.py'] 
INFO:The total numbers of args passed to the script: 1 
INFO:Args list: ['./setLedByGame.py'] 
INFO:The total numbers of args passed to the script: 1 
INFO:Args list: ['./setLedByGame.py'] 
INFO:The total numbers of args passed to the script: 1 
INFO:Args list: ['./setLedByGame.py'] 
INFO:The total numbers of args passed to the script: 1 
INFO:Args list: ['./setLedByGame.py'] 
INFO:The total numbers of args passed to the script: 1 
INFO:Args list: ['./setLedByGame.py'] 
INFO:The total numbers of args passed to the script: 1 
INFO:Args list: ['./setLedByGame.py'] 
INFO:The total numbers of args passed to the script: 4 
INFO:Args list: ['/home/pi/custom/setLedByGame.py', 'arcade', 'lr-mame2010', '/home/pi/RetroPie/roms/arcade/midres.zip'] 
INFO:The total numbers of args passed to the script: 1 
INFO:Args list: ['./setLedByGame.py'] 
INFO:The total numbers of args passed to the script: 1 
INFO:Args list: ['./setLedByGame.py'] 
INFO:The total numbers of args passed to the script: 1 
INFO:Args list: ['./setLedByGame.py'] 
INFO:The total numbers of args passed to the script: 4 
INFO:Args list: ['/home/pi/custom/setLedByGame.py', 'arcade', 'lr-mame2003', '/home/pi/RetroPie/roms/arcade/simpsons.zip'] 
INFO:The total numbers of args passed to the script: 1 
INFO:Args list: ['./setLedByGame.py'] 
INFO:The total numbers of args passed to the script: 1 
INFO:Args list: ['./setLedByGame.py'] 
INFO:The total numbers of args passed to the script: 1 
INFO:Args list: ['./setLedByGame.py'] 
INFO:The total numbers of args passed to the script: 1 
INFO:Args list: ['./setLedByGame.py'] 
INFO:The total numbers of args passed to the script: 1 
INFO:Args list: ['./setLedByGame.py'] 
INFO:The total numbers of args passed to the script: 1 
INFO:Args list: ['./setLedByGame.py'] 
INFO:The total numbers of args passed to the script: 1 
INFO:Args list: ['./setLedByGame.py'] 
INFO:The total numbers of args passed to the script: 1 
INFO:Args list: ['./setLedByGame.py'] 
INFO:The total numbers of args passed to the script: 1 
INFO:Args list: ['./setLedByGame.py'] 
INFO:The total numbers of args passed to the script: 1 
INFO:Args list: ['./setLedByGame.py'] 
INFO:The total numbers of args passed to the script: 1 
INFO:Args list: ['./setLedByGame.py'] 
INFO:The total numbers of args passed to the script: 1 
INFO:Args list: ['./setLedByGame.py'] 
INFO:The total numbers of args passed to the script: 4 
INFO:Args list: ['/home/pi/custom/setLedByGame.py', 'arcade', 'lr-fbneo', '/home/pi/RetroPie/roms/arcade/block.zip'] 
INFO:The total numbers of args passed to the script: 4 
INFO:Args list: ['/home/pi/custom/setLedByGame.py', 'arcade', 'advmame', '/home/pi/RetroPie/roms/arcade/arkretrn.zip'] 
INFO:The total numbers of args passed to the script: 4 
INFO:Args list: ['/home/pi/custom/setLedByGame.py', 'arcade', 'lr-mame2003', '/home/pi/RetroPie/roms/arcade/huncholy.zip'] 
INFO:The total numbers of args passed to the script: 4 
INFO:Args list: ['/home/pi/custom/setLedByGame.py', 'arcade', 'lr-mame2010', '/home/pi/RetroPie/roms/arcade/gt2k.zip'] 
INFO:The total numbers of args passed to the script: 4 
INFO:Args list: ['/home/pi/custom/setLedByGame.py', 'arcade', 'lr-fbneo', '/home/pi/RetroPie/roms/arcade/jumpkids.zip'] 
INFO:The total numbers of args passed to the script: 4 
INFO:Args list: ['/home/pi/custom/setLedByGame.py', 'arcade', 'lr-fbneo', '/home/pi/RetroPie/roms/arcade/frogger.zip'] 
INFO:The total numbers of args passed to the script: 4 
INFO:Args list: ['/home/pi/custom/setLedByGame.py', 'arcade', 'lr-mame2010', '/home/pi/RetroPie/roms/arcade/centiped.zip'] 
INFO:The total numbers of args passed to the script: 4 
INFO:Args list: ['/home/pi/custom/setLedByGame.py', 'arcade', 'lr-mame2010', '/home/pi/RetroPie/roms/arcade/gt2k.zip'] 
INFO:The total numbers of args passed to the script: 4 
INFO:Args list: ['/home/pi/custom/setLedByGame.py', 'arcade', 'lr-fbneo', '/home/pi/RetroPie/roms/arcade/frogger.zip'] 
INFO:The total numbers of args passed to the script: 4 
INFO:Args list: ['/home/pi/custom/setLedByGame.py', 'arcade', 'lr-mame2003', '/home/pi/RetroPie/roms/arcade/720.zip'] 
INFO:The total numbers of args passed to the script: 4 
INFO:Args list: ['/home/pi/custom/setLedByGame.py', 'arcade', 'lr-mame2010', '/home/pi/RetroPie/roms/arcade/apb.zip'] 
INFO:The total numbers of args passed to the script: 4 
INFO:Args list: ['/home/pi/custom/setLedByGame.py', 'arcade', 'lr-fbalpha2012', '/home/pi/RetroPie/roms/arcade/mvsc.zip'] 
INFO:The total numbers of args passed to the script: 4 
INFO:Args list: ['/home/pi/custom/setLedByGame.py', 'arcade', 'lr-fbalpha2012', '/home/pi/RetroPie/roms/arcade/ddtod.zip'] 
INFO:The total numbers of args passed to the script: 8 
INFO:Args list: ['/home/pi/custom/setLedByGame.py', 'gba', 'lr-mgba', '/home/pi/RetroPie/roms/gba/Advance', 'Wars', '(USA)', '(Rev', '1).zip'] 
INFO:The total numbers of args passed to the script: 4 
INFO:Args list: ['/home/pi/custom/setLedByGame.py', 'arcade', 'lr-mame2003', '/home/pi/RetroPie/roms/arcade/marble.zip'] 
INFO:The total numbers of args passed to the script: 4 
INFO:Args list: ['/home/pi/custom/setLedByGame.py', 'arcade', 'lr-mame2003', '/home/pi/RetroPie/roms/arcade/marble.zip'] 
INFO:The total numbers of args passed to the script: 4 
INFO:Args list: ['/home/pi/custom/setLedByGame.py', 'daphne', 'daphne', '/home/pi/RetroPie/roms/daphne/lair.daphne'] 
INFO:The total numbers of args passed to the script: 4 
INFO:Args list: ['/home/pi/custom/setLedByGame.py', 'daphne', 'daphne', '/home/pi/RetroPie/roms/daphne/lair.daphne'] 
INFO:The total numbers of args passed to the script: 4 
INFO:Args list: ['/home/pi/custom/setLedByGame.py', 'arcade', 'lr-mame2003', '/home/pi/RetroPie/roms/arcade/720.zip'] 
INFO:The total numbers of args passed to the script: 4 
INFO:Args list: ['/home/pi/custom/setLedByGame.py', 'arcade', 'lr-mame2003', '/home/pi/RetroPie/roms/arcade/shuuz.zip'] 
INFO:The total numbers of args passed to the script: 4 
INFO:Args list: ['/home/pi/custom/setLedByGame.py', 'daphne', 'daphne', '/home/pi/RetroPie/roms/daphne/lair.daphne'] 
INFO:The total numbers of args passed to the script: 1 
INFO:Args list: ['./setLedByGame.py'] 
INFO:The total numbers of args passed to the script: 1 
INFO:Args list: ['./setLedByGame.py'] 
INFO:The total numbers of args passed to the script: 1 
INFO:Args list: ['./setLedByGame.py'] 
INFO:The total numbers of args passed to the script: 1 
INFO:Args list: ['./setLedByGame.py'] 
INFO:The total numbers of args passed to the script: 1 
INFO:Args list: ['./setLedByGame.py'] 
INFO:The total numbers of args passed to the script: 1 
INFO:Args list: ['./setLedByGame.py'] 
INFO:The total numbers of args passed to the script: 1 
INFO:Args list: ['./setLedByGame.py'] 
INFO:The total numbers of args passed to the script: 1 
INFO:Args list: ['./setLedByGame.py'] 
INFO:The total numbers of args passed to the script: 1 
INFO:Args list: ['./setLedByGame.py'] 
INFO:The total numbers of args passed to the script: 1 
INFO:Args list: ['./setLedByGame.py'] 
INFO:The total numbers of args passed to the script: 1 
INFO:Args list: ['./setLedByGame.py'] 
INFO:The total numbers of args passed to the script: 1 
INFO:Args list: ['./setLedByGame.py'] 
INFO:The total numbers of args passed to the script: 7 
INFO:Args list: ['/home/pi/custom/setLedByGame.py', 'dreamcast', 'reicast-audio-omx', '/home/pi/RetroPie/roms/dreamcast/Crazy', 'Taxi', '2', '(USA).CDI'] 
INFO:The total numbers of args passed to the script: 7 
INFO:Args list: ['/home/pi/custom/setLedByGame.py', 'dreamcast', 'reicast-audio-omx', '/home/pi/RetroPie/roms/dreamcast/Crazy', 'Taxi', '2', '(USA).CDI'] 
INFO:The total numbers of args passed to the script: 7 
INFO:Args list: ['/home/pi/custom/setLedByGame.py', 'dreamcast', 'reicast-audio-omx', '/home/pi/RetroPie/roms/dreamcast/Crazy', 'Taxi', '2', '(USA).CDI'] 
INFO:The total numbers of args passed to the script: 7 
INFO:Args list: ['/home/pi/custom/setLedByGame.py', 'dreamcast', 'reicast-audio-omx', '/home/pi/RetroPie/roms/dreamcast/Crazy', 'Taxi', '2', '(USA).CDI'] 
INFO:The total numbers of args passed to the script: 3 
INFO:Args list: ['/home/pi/custom/setLedByGame.py', 'dreamcast', 'reicast'] 
INFO:The total numbers of args passed to the script: 3 
INFO:Args list: ['/home/pi/custom/setLedByGame.py', 'dreamcast', 'reicast'] 
INFO:The total numbers of args passed to the script: 3 
INFO:Args list: ['/home/pi/custom/setLedByGame.py', 'dreamcast', 'reicast'] 
INFO:The total numbers of args passed to the script: 7 
INFO:Args list: ['/home/pi/custom/setLedByGame.py', 'dreamcast', 'reicast-audio-omx', '/home/pi/RetroPie/roms/dreamcast/Crazy', 'Taxi', '2', '(USA).CDI'] 
INFO:The total numbers of args passed to the script: 7 
INFO:Args list: ['/home/pi/custom/setLedByGame.py', 'dreamcast', 'reicast-audio-omx', '/home/pi/RetroPie/roms/dreamcast/Crazy', 'Taxi', '2', '(USA).CDI'] 
INFO:The total numbers of args passed to the script: 7 
INFO:Args list: ['/home/pi/custom/setLedByGame.py', 'dreamcast', 'reicast-audio-omx', '/home/pi/RetroPie/roms/dreamcast/Crazy', 'Taxi', '2', '(USA).CDI'] 
INFO:The total numbers of args passed to the script: 3 
INFO:Args list: ['/home/pi/custom/setLedByGame.py', 'dreamcast', 'reicast'] 
INFO:The total numbers of args passed to the script: 4 
INFO:Args list: ['/home/pi/custom/setLedByGame.py', 'arcade', 'lr-fbneo', '/home/pi/RetroPie/roms/arcade/ddp2.zip'] 
INFO:The total numbers of args passed to the script: 6 
INFO:Args list: ['/home/pi/custom/setLedByGame.py', 'psx', 'lr-pcsx-rearmed', '/home/pi/RetroPie/roms/psx/Gauntlet', 'Legends', '(USA).PBP'] 
INFO:The total numbers of args passed to the script: 9 
INFO:Args list: ['/home/pi/custom/setLedByGame.py', 'psx', 'lr-pcsx-rearmed', '/home/pi/RetroPie/roms/psx/Ms.', 'Pacman', '-', 'Maze', 'Madness', '(USA).PBP'] 
INFO:The total numbers of args passed to the script: 9 
INFO:Args list: ['/home/pi/custom/setLedByGame.py', 'psx', 'lr-pcsx-rearmed', '/home/pi/RetroPie/roms/psx/Frogger', '2', '-', "Swampy's", 'Revenge', '(USA).PBP'] 
INFO:The total numbers of args passed to the script: 6 
INFO:Args list: ['/home/pi/custom/setLedByGame.py', 'psx', 'lr-pcsx-rearmed', '/home/pi/RetroPie/roms/psx/Tekken', '3', '(USA).PBP'] 
INFO:The total numbers of args passed to the script: 1 
INFO:Args list: ['./ledSetGame.py'] 
INFO:The total numbers of args passed to the script: 1 
INFO:Args list: ['./ledSetGame.py'] 
INFO:The total numbers of args passed to the script: 1 
INFO:Args list: ['./ledSetGame.py'] 
INFO:The total numbers of args passed to the script: 1 
INFO:Args list: ['./ledSetGame.py'] 
INFO:The total numbers of args passed to the script: 1 
INFO:Args list: ['./ledSetGame.py'] 
INFO:The total numbers of args passed to the script: 1 
INFO:Args list: ['./ledSetGame.py'] 
INFO:The total numbers of args passed to the script: 1 
INFO:Args list: ['./ledSetGame.py'] 
INFO:The total numbers of args passed to the script: 1 
INFO:Args list: ['./ledSetGame.py'] 
INFO:The total numbers of args passed to the script: 1 
INFO:Args list: ['./ledSetGame.py'] 
INFO:The total numbers of args passed to the script: 1 
INFO:Args list: ['./ledSetGame.py'] 
INFO:The total numbers of args passed to the script: 1 
INFO:Args list: ['./ledSetGame.py'] 
INFO:The total numbers of args passed to the script: 1 
INFO:Args list: ['./ledSetGame.py'] 
INFO:The total numbers of args passed to the script: 1 
INFO:Args list: ['./ledSetGame.py'] 
INFO:The total numbers of args passed to the script: 1 
INFO:Args list: ['./ledSetGame.py'] 
INFO:The total numbers of args passed to the script: 1 
INFO:Args list: ['./ledSetGame.py'] 
INFO:The total numbers of args passed to the script: 1 
INFO:Args list: ['./ledSetGame.py'] 
INFO:The total numbers of args passed to the script: 1 
INFO:Args list: ['./ledSetGame.py'] 
INFO:The total numbers of args passed to the script: 1 
INFO:Args list: ['./ledSetGame.py'] 
INFO:The total numbers of args passed to the script: 1 
INFO:Args list: ['./ledSetGame.py'] 
INFO:The total numbers of args passed to the script: 1 
INFO:Args list: ['./ledSetGame.py'] 
INFO:The total numbers of args passed to the script: 1 
INFO:Args list: ['./ledSetGame.py'] 
INFO:The total numbers of args passed to the script: 1 
INFO:Args list: ['./ledSetGame.py'] 
INFO:The total numbers of args passed to the script: 1 
INFO:Args list: ['./ledSetGame.py'] 
INFO:The total numbers of args passed to the script: 1 
INFO:Args list: ['./ledSetGame.py'] 
INFO:The total numbers of args passed to the script: 1 
INFO:Args list: ['./ledSetGame.py'] 
INFO:The total numbers of args passed to the script: 1 
INFO:Args list: ['./ledSetGame.py'] 
INFO:The total numbers of args passed to the script: 1 
INFO:Args list: ['./ledSetGame.py'] 
INFO:The total numbers of args passed to the script: 1 
INFO:Args list: ['./ledSetGame.py'] 
INFO:The total numbers of args passed to the script: 1 
INFO:Args list: ['./ledSetGame.py'] 
INFO:The total numbers of args passed to the script: 1 
INFO:Args list: ['/home/pi/custom/test/adafruit/ledSetGame.py'] 
INFO:The total numbers of args passed to the script: 1 
INFO:Args list: ['/home/pi/custom/test/adafruit/ledSetGame.py'] 
INFO:The total numbers of args passed to the script: 1 
INFO:Args list: ['/home/pi/custom/test/adafruit/ledSetGame.py'] 
INFO:The total numbers of args passed to the script: 1 
INFO:Args list: ['./setLedByGame.py'] 
INFO:The total numbers of args passed to the script: 4 
INFO:Args list: ['/home/pi/custom/setLedByGame.py', 'arcade', 'lr-mame2003', '/home/pi/RetroPie/roms/arcade/1943.zip'] 
INFO:The total numbers of args passed to the script: 4 
INFO:Args list: ['./setLedByGame.py', 'arcade,', 'lr-mame2003,', '/home/pi/RetroPie/roms/arcade/1943.zip'] 
INFO:The total numbers of args passed to the script: 4 
INFO:Args list: ['./setLedByGame.py', 'arcade,', 'lr-mame2003,', '/home/pi/RetroPie/roms/arcade/1943.zip'] 
INFO:The total numbers of args passed to the script: 4 
INFO:Args list: ['./setLedByGame.py', 'arcade', 'lr-mame2003', '/home/pi/RetroPie/roms/arcade/1943.zip'] 
INFO:The total numbers of args passed to the script: 4 
INFO:Args list: ['./setLedByGame.py', 'arcade', 'lr-mame2003', '/home/pi/RetroPie/roms/arcade/1943.zip'] 
INFO:The total numbers of args passed to the script: 4 
INFO:Args list: ['./setLedByGame.py', 'arcade', 'lr-mame2003', '/home/pi/RetroPie/roms/arcade/1943.zip'] 
INFO:The total numbers of args passed to the script: 4 
INFO:Args list: ['./setLedByGame.py', 'arcade', 'lr-mame2003', '/home/pi/RetroPie/roms/arcade/1943.zip'] 
INFO:The total numbers of args passed to the script: 4 
INFO:Args list: ['./setLedByGame.py', 'arcade', 'lr-mame2003', '/home/pi/RetroPie/roms/arcade/1943.zip'] 
INFO:The total numbers of args passed to the script: 4 
INFO:Args list: ['./setLedByGame.py', 'arcade', 'lr-mame2003', '/home/pi/RetroPie/roms/arcade/1943.zip'] 
INFO:The total numbers of args passed to the script: 4 
INFO:Args list: ['./setLedByGame.py', 'arcade', 'lr-mame2003', '/home/pi/RetroPie/roms/arcade/1943.zip'] 
INFO:The total numbers of args passed to the script: 4 
INFO:Args list: ['./setLedByGame.py', 'arcade', 'lr-mame2003', '/home/pi/RetroPie/roms/arcade/1943.azip'] 
INFO:The total numbers of args passed to the script: 4 
INFO:Args list: ['./setLedByGame.py', 'arcade', 'lr-mame2003', '/home/pi/RetroPie/roms/arcade/1943.wzip'] 
INFO:The total numbers of args passed to the script: 4 
INFO:Args list: ['./setLedByGame.py', 'arcade', 'lr-mame2003', '/home/pi/RetroPie/roms/arcade/1943.zip'] 
INFO:The total numbers of args passed to the script: 4 
INFO:Args list: ['/home/pi/custom/setLedByGame.py', 'arcade', 'lr-mame2003', '/home/pi/RetroPie/roms/arcade/simpsons.zip'] 
INFO:The total numbers of args passed to the script: 1 
INFO:Args list: ['./setLedByGame.py'] 
INFO:The total numbers of args passed to the script: 4 
INFO:Args list: ['./setLedByGame.py', 'emulationstation', 'emulationsatino', 'emulationstation'] 
INFO:The total numbers of args passed to the script: 4 
INFO:Args list: ['./setLedByGame.py', 'emulationstation', 'emulationsatino', 'emulationstation'] 
INFO:The total numbers of args passed to the script: 4 
INFO:Args list: ['./setLedByGame.py', 'emulationstation', 'emulationsatino', 'emulationstatio'] 
INFO:The total numbers of args passed to the script: 4 
INFO:Args list: ['./setLedByGame.py', 'arcade', 'lr-mame2003', '/home/pi/RetroPie/roms/arcade/1943.zip'] 
INFO:The total numbers of args passed to the script: 4 
INFO:Args list: ['/home/pi/custom/setLedByGame.py', 'emulationstation', 'emulationstation', 'emulationstation'] 
INFO:The total numbers of args passed to the script: 4 
INFO:Args list: ['/home/pi/custom/setLedByGame.py', 'arcade', 'lr-fbneo', '/home/pi/RetroPie/roms/arcade/mspacman.zip'] 
INFO:The total numbers of args passed to the script: 4 
INFO:Args list: ['./setLedByGame.py', 'arcade', 'lr-mame2003', '/home/pi/RetroPie/roms/arcade/1943.zipd'] 
INFO:The total numbers of args passed to the script: 4 
INFO:Args list: ['/home/pi/custom/setLedByGame.py', 'emulationstation', 'emulationstation', 'emulationstation'] 
INFO:The total numbers of args passed to the script: 4 
INFO:Args list: ['/home/pi/custom/setLedByGame.py', 'arcade', 'lr-mame2003', '/home/pi/RetroPie/roms/arcade/simpsons.zip'] 
INFO:The total numbers of args passed to the script: 4 
INFO:Args list: ['/home/pi/custom/setLedByGame.py', 'emulationstation', 'emulationstation', 'emulationstation'] 
INFO:The total numbers of args passed to the script: 1 
INFO:Args list: ['/home/pi/custom/test/adafruit/ledSetGame.py'] 
INFO:The total numbers of args passed to the script: 1 
INFO:Args list: ['./setLedByGame.py'] 
INFO:The total numbers of args passed to the script: 1 
INFO:Args list: ['./setLedByGame.py'] 
INFO:The total numbers of args passed to the script: 4 
INFO:Args list: ['/home/pi/custom/setLedByGame.py', 'emulationstation', 'emulationstation', 'emulationstation'] 
INFO:The total numbers of args passed to the script: 5 
INFO:Args list: ['/home/pi/custom/setLedByGame.py', 'atari2600', 'lr-stella2014', '/home/pi/RetroPie/roms/atari2600/Frogger', '(USA).zip'] 
INFO:The total numbers of args passed to the script: 4 
INFO:Args list: ['/home/pi/custom/setLedByGame.py', 'emulationstation', 'emulationstation', 'emulationstation'] 
INFO:The total numbers of args passed to the script: 5 
INFO:Args list: ['/home/pi/custom/setLedByGame.py', 'atari2600', 'lr-stella2014', '/home/pi/RetroPie/roms/atari2600/Asteroids', '(USA).zip'] 
INFO:The total numbers of args passed to the script: 4 
INFO:Args list: ['/home/pi/custom/setLedByGame.py', 'emulationstation', 'emulationstation', 'emulationstation'] 
INFO:The total numbers of args passed to the script: 8 
INFO:Args list: ['/home/pi/custom/setLedByGame.py', 'atari2600', 'lr-stella2014', '/home/pi/RetroPie/roms/atari2600/E.T.', '-', 'The', 'Extra-Terrestrial', '(USA).zip'] 
INFO:The total numbers of args passed to the script: 4 
INFO:Args list: ['/home/pi/custom/setLedByGame.py', 'emulationstation', 'emulationstation', 'emulationstation'] 
INFO:The total numbers of args passed to the script: 6 
INFO:Args list: ['/home/pi/custom/setLedByGame.py', 'atari7800', 'lr-prosystem', '/home/pi/RetroPie/roms/atari7800/Tank', 'Command', '(USA).zip'] 
INFO:The total numbers of args passed to the script: 4 
INFO:Args list: ['/home/pi/custom/setLedByGame.py', 'emulationstation', 'emulationstation', 'emulationstation'] 
INFO:The total numbers of args passed to the script: 7 
INFO:Args list: ['/home/pi/custom/setLedByGame.py', 'nes', 'lr-fceumm', '/home/pi/RetroPie/roms/nes/Super', 'Mario', 'Bros.', '(World).zip'] 
INFO:The total numbers of args passed to the script: 4 
INFO:Args list: ['/home/pi/custom/setLedByGame.py', 'emulationstation', 'emulationstation', 'emulationstation'] 
INFO:The total numbers of args passed to the script: 8 
INFO:Args list: ['/home/pi/custom/setLedByGame.py', 'mastersystem', 'lr-genesis-plus-gx', '/home/pi/RetroPie/roms/mastersystem/Streets', 'of', 'Rage', 'II', '(Europe).zip'] 
INFO:The total numbers of args passed to the script: 4 
INFO:Args list: ['/home/pi/custom/setLedByGame.py', 'emulationstation', 'emulationstation', 'emulationstation'] 
INFO:The total numbers of args passed to the script: 7 
INFO:Args list: ['/home/pi/custom/setLedByGame.py', 'megadrive', 'lr-genesis-plus-gx', '/home/pi/RetroPie/roms/megadrive/Mortal', 'Kombat', 'II', '(World).zip'] 
INFO:The total numbers of args passed to the script: 4 
INFO:Args list: ['/home/pi/custom/setLedByGame.py', 'emulationstation', 'emulationstation', 'emulationstation'] 
INFO:The total numbers of args passed to the script: 7 
INFO:Args list: ['/home/pi/custom/setLedByGame.py', 'megadrive', 'lr-genesis-plus-gx', '/home/pi/RetroPie/roms/megadrive/Mortal', 'Kombat', 'II', '(World).zip'] 
INFO:The total numbers of args passed to the script: 4 
INFO:Args list: ['/home/pi/custom/setLedByGame.py', 'emulationstation', 'emulationstation', 'emulationstation'] 
INFO:The total numbers of args passed to the script: 4 
INFO:Args list: ['/home/pi/custom/setLedByGame.py', 'neogeo', 'lr-fbneo', '/home/pi/RetroPie/roms/neogeo/samsho.zip'] 
INFO:The total numbers of args passed to the script: 4 
INFO:Args list: ['/home/pi/custom/setLedByGame.py', 'emulationstation', 'emulationstation', 'emulationstation'] 
INFO:The total numbers of args passed to the script: 4 
INFO:Args list: ['/home/pi/custom/setLedByGame.py', 'neogeo', 'lr-fbneo', '/home/pi/RetroPie/roms/neogeo/samsho.zip'] 
INFO:The total numbers of args passed to the script: 4 
INFO:Args list: ['/home/pi/custom/setLedByGame.py', 'emulationstation', 'emulationstation', 'emulationstation'] 
INFO:The total numbers of args passed to the script: 6 
INFO:Args list: ['/home/pi/custom/setLedByGame.py', 'pcengine', 'lr-beetle-pce-fast', '/home/pi/RetroPie/roms/pcengine/R-Type', 'Part-2', '(Japan).zip'] 
INFO:The total numbers of args passed to the script: 4 
INFO:Args list: ['/home/pi/custom/setLedByGame.py', 'emulationstation', 'emulationstation', 'emulationstation'] 
INFO:The total numbers of args passed to the script: 5 
INFO:Args list: ['/home/pi/custom/setLedByGame.py', 'pcengine', 'lr-beetle-pce-fast', '/home/pi/RetroPie/roms/pcengine/Gradius', '(Japan).zip'] 
INFO:The total numbers of args passed to the script: 4 
INFO:Args list: ['/home/pi/custom/setLedByGame.py', 'emulationstation', 'emulationstation', 'emulationstation'] 
INFO:The total numbers of args passed to the script: 10 
INFO:Args list: ['/home/pi/custom/setLedByGame.py', 'pcengine', 'lr-beetle-pce-fast', '/home/pi/RetroPie/roms/pcengine/Street', 'Fighter', "II'", '-', 'Champion', 'Edition', '(Japan).zip'] 
INFO:The total numbers of args passed to the script: 4 
INFO:Args list: ['/home/pi/custom/setLedByGame.py', 'emulationstation', 'emulationstation', 'emulationstation'] 
INFO:The total numbers of args passed to the script: 10 
INFO:Args list: ['/home/pi/custom/setLedByGame.py', 'pcengine', 'lr-beetle-pce-fast', '/home/pi/RetroPie/roms/pcengine/Street', 'Fighter', "II'", '-', 'Champion', 'Edition', '(Japan).zip'] 
INFO:The total numbers of args passed to the script: 4 
INFO:Args list: ['/home/pi/custom/setLedByGame.py', 'emulationstation', 'emulationstation', 'emulationstation'] 
INFO:The total numbers of args passed to the script: 7 
INFO:Args list: ['/home/pi/custom/setLedByGame.py', 'sega32x', 'lr-picodrive', '/home/pi/RetroPie/roms/sega32x/Virtua', 'Fighter', '(Japan,', 'USA).zip'] 
INFO:The total numbers of args passed to the script: 4 
INFO:Args list: ['/home/pi/custom/setLedByGame.py', 'emulationstation', 'emulationstation', 'emulationstation'] 
INFO:The total numbers of args passed to the script: 7 
INFO:Args list: ['/home/pi/custom/setLedByGame.py', 'sega32x', 'lr-picodrive', '/home/pi/RetroPie/roms/sega32x/Virtua', 'Fighter', '(Japan,', 'USA).zip'] 
INFO:The total numbers of args passed to the script: 4 
INFO:Args list: ['/home/pi/custom/setLedByGame.py', 'emulationstation', 'emulationstation', 'emulationstation'] 
INFO:The total numbers of args passed to the script: 7 
INFO:Args list: ['/home/pi/custom/setLedByGame.py', 'sega32x', 'lr-picodrive', '/home/pi/RetroPie/roms/sega32x/Virtua', 'Fighter', '(Japan,', 'USA).zip'] 
INFO:The total numbers of args passed to the script: 4 
INFO:Args list: ['/home/pi/custom/setLedByGame.py', 'emulationstation', 'emulationstation', 'emulationstation'] 
INFO:The total numbers of args passed to the script: 1 
INFO:Args list: ['test/adafruit/ledSetGame.py'] 
INFO:The total numbers of args passed to the script: 4 
INFO:Args list: ['/home/pi/custom/setLedByGame.py', 'arcade', 'lr-mame2003', '/home/pi/RetroPie/roms/arcade/simpsons.zip'] 
INFO:The total numbers of args passed to the script: 4 
INFO:Args list: ['/home/pi/custom/setLedByGame.py', 'emulationstation', 'emulationstation', 'emulationstation'] 
INFO:The total numbers of args passed to the script: 7 
INFO:Args list: ['/home/pi/custom/setLedByGame.py', 'sega32x', 'lr-picodrive', '/home/pi/RetroPie/roms/sega32x/Virtua', 'Fighter', '(Japan,', 'USA).zip'] 
INFO:The total numbers of args passed to the script: 4 
INFO:Args list: ['/home/pi/custom/setLedByGame.py', 'emulationstation', 'emulationstation', 'emulationstation'] 
INFO:The total numbers of args passed to the script: 1 
INFO:Args list: ['test/adafruit/ledSetGame.py'] 
INFO:The total numbers of args passed to the script: 4 
INFO:Args list: ['/home/pi/custom/setLedByGame.py', 'arcade', 'lr-mame2003', '/home/pi/RetroPie/roms/arcade/simpsons.zip'] 
INFO:The total numbers of args passed to the script: 4 
INFO:Args list: ['/home/pi/custom/setLedByGame.py', 'emulationstation', 'emulationstation', 'emulationstation'] 
INFO:The total numbers of args passed to the script: 3 
INFO:Args list: ['/home/pi/custom/setLedByGame.py', 'smw', 'smw'] 
INFO:The total numbers of args passed to the script: 4 
INFO:Args list: ['/home/pi/custom/setLedByGame.py', 'emulationstation', 'emulationstation', 'emulationstation'] 
INFO:The total numbers of args passed to the script: 3 
INFO:Args list: ['/home/pi/custom/setLedByGame.py', 'smw', 'smw'] 
INFO:The total numbers of args passed to the script: 4 
INFO:Args list: ['/home/pi/custom/setLedByGame.py', 'emulationstation', 'emulationstation', 'emulationstation'] 
INFO:The total numbers of args passed to the script: 3 
INFO:Args list: ['/home/pi/custom/setLedByGame.py', 'superflappybirds', 'lr-superflappybirds'] 
INFO:The total numbers of args passed to the script: 4 
INFO:Args list: ['./setLedByGame.py', 'blah', 'blah', 'lr-superflappybirds'] 
INFO:The total numbers of args passed to the script: 4 
INFO:Args list: ['/home/pi/custom/setLedByGame.py', 'emulationstation', 'emulationstation', 'emulationstation'] 
INFO:The total numbers of args passed to the script: 3 
INFO:Args list: ['/home/pi/custom/setLedByGame.py', 'superflappybirds', 'lr-superflappybirds'] 
INFO:The total numbers of args passed to the script: 3 
INFO:Args list: ['./setLedByGame.py', 'blah', 'superflappybirds'] 
INFO:The total numbers of args passed to the script: 4 
INFO:Args list: ['./setLedByGame.py', 'blah', 'superflappybirds', ''] 
INFO:The total numbers of args passed to the script: 4 
INFO:Args list: ['./setLedByGame.py', 'blah', 'superflappybirds', ''] 
INFO:The total numbers of args passed to the script: 3 
INFO:Args list: ['./setLedByGame.py', 'superflappybirds', 'lr-superflappybirds'] 
INFO:The total numbers of args passed to the script: 3 
INFO:Args list: ['./setLedByGame.py', 'superflappybirds', 'lr-superflappybirds'] 
INFO:The total numbers of args passed to the script: 3 
INFO:Args list: ['./setLedByGame.py', 'superflappybirds', 'lr-superflappybirds'] 
INFO:The total numbers of args passed to the script: 3 
INFO:Args list: ['./setLedByGame.py', 'superflappybirds', 'lr-superflappybirds'] 
INFO:The total numbers of args passed to the script: 3 
INFO:Args list: ['./setLedByGame.py', 'superflappybirds', 'lr-superflappybirds'] 
INFO:The total numbers of args passed to the script: 3 
INFO:Args list: ['./setLedByGame.py', 'superflappybirds', 'lr-superflappybirds'] 
INFO:The total numbers of args passed to the script: 3 
INFO:Args list: ['./setLedByGame.py', 'superflappybirds', 'lr-superflappybirds'] 
INFO:The total numbers of args passed to the script: 3 
INFO:Args list: ['./setLedByGame.py', 'superflappybirds', 'lr-superflappybirds'] 
INFO:superflappybirds lr-superflappybirds emulationstation 
INFO:The total numbers of args passed to the script: 3 
INFO:Args list: ['./setLedByGame.py', 'superflappybirds', 'lr-superflappybirds'] 
INFO:superflappybirds lr-superflappybirds  
INFO:The total numbers of args passed to the script: 3 
INFO:Args list: ['./setLedByGame.py', 'superflappybirds', 'lr-superflappybirds'] 
INFO:The total numbers of args passed to the script: 3 
INFO:Args list: ['./setLedByGame.py', 'superflappybirds', 'lr-superflappybirds'] 
INFO:The total numbers of args passed to the script: 3 
INFO:Args list: ['./setLedByGame.py', 'superflappybirds', 'lr-superflappybirds'] 
INFO:The total numbers of args passed to the script: 4 
INFO:Args list: ['/home/pi/custom/setLedByGame.py', 'emulationstation', 'emulationstation', 'emulationstation'] 
INFO:The total numbers of args passed to the script: 3 
INFO:Args list: ['/home/pi/custom/setLedByGame.py', 'smw', 'smw'] 
INFO:The total numbers of args passed to the script: 4 
INFO:Args list: ['/home/pi/custom/setLedByGame.py', 'emulationstation', 'emulationstation', 'emulationstation'] 
INFO:The total numbers of args passed to the script: 3 
INFO:Args list: ['/home/pi/custom/setLedByGame.py', 'smw', 'smw'] 
INFO:The total numbers of args passed to the script: 4 
INFO:Args list: ['/home/pi/custom/setLedByGame.py', 'emulationstation', 'emulationstation', 'emulationstation'] 
INFO:The total numbers of args passed to the script: 3 
INFO:Args list: ['/home/pi/custom/setLedByGame.py', 'jumpnbump', 'jumpnbump'] 
INFO:The total numbers of args passed to the script: 4 
INFO:Args list: ['/home/pi/custom/setLedByGame.py', 'emulationstation', 'emulationstation', 'emulationstation'] 
INFO:The total numbers of args passed to the script: 3 
INFO:Args list: ['/home/pi/custom/setLedByGame.py', 'jumpnbump', 'jumpnbump'] 
INFO:The total numbers of args passed to the script: 4 
INFO:Args list: ['/home/pi/custom/setLedByGame.py', 'emulationstation', 'emulationstation', 'emulationstation'] 
INFO:The total numbers of args passed to the script: 7 
INFO:Args list: ['/home/pi/custom/setLedByGame.py', 'n64', 'mupen64plus-auto', '/home/pi/RetroPie/roms/n64/New', 'Tetris,', 'The', '(USA).n64'] 
INFO:The total numbers of args passed to the script: 4 
INFO:Args list: ['/home/pi/custom/setLedByGame.py', 'emulationstation', 'emulationstation', 'emulationstation'] 
INFO:The total numbers of args passed to the script: 7 
INFO:Args list: ['/home/pi/custom/setLedByGame.py', 'n64', 'mupen64plus-auto', '/home/pi/RetroPie/roms/n64/New', 'Tetris,', 'The', '(USA).n64'] 
INFO:The total numbers of args passed to the script: 4 
INFO:Args list: ['/home/pi/custom/setLedByGame.py', 'emulationstation', 'emulationstation', 'emulationstation'] 
INFO:The total numbers of args passed to the script: 7 
INFO:Args list: ['/home/pi/custom/setLedByGame.py', 'n64', 'mupen64plus-auto', '/home/pi/RetroPie/roms/n64/New', 'Tetris,', 'The', '(USA).n64'] 
INFO:The total numbers of args passed to the script: 4 
INFO:Args list: ['/home/pi/custom/setLedByGame.py', 'emulationstation', 'emulationstation', 'emulationstation'] 
INFO:The total numbers of args passed to the script: 1 
INFO:Args list: ['/home/pi/custom/test/adafruit/ledSetGame.py'] 
INFO:The total numbers of args passed to the script: 1 
INFO:Args list: ['/home/pi/custom/test/adafruit/ledSetGame.py'] 
INFO:The total numbers of args passed to the script: 4 
INFO:Args list: ['/home/pi/custom/setLedByGame.py', 'arcade', 'lr-mame2003', '/home/pi/RetroPie/roms/arcade/1943.zip'] 
INFO:The total numbers of args passed to the script: 4 
INFO:Args list: ['/home/pi/custom/setLedByGame.py', 'emulationstation', 'emulationstation', 'emulationstation'] 
INFO:The total numbers of args passed to the script: 1 
INFO:Args list: ['/home/pi/custom/test/adafruit/ledSetGame.py'] 
INFO:The total numbers of args passed to the script: 4 
INFO:Args list: ['/home/pi/custom/setLedByGame.py', 'arcade', 'lr-fbneo', '/home/pi/RetroPie/roms/arcade/1941.zip'] 
INFO:The total numbers of args passed to the script: 4 
INFO:Args list: ['/home/pi/custom/setLedByGame.py', 'emulationstation', 'emulationstation', 'emulationstation'] 
INFO:The total numbers of args passed to the script: 4 
INFO:Args list: ['./setLedByGame.py', 'startup', 'startup', 'startup'] 
INFO:The total numbers of args passed to the script: 4 
INFO:Args list: ['./setLedByGame.py', 'startup', 'startup', 'startup'] 
INFO:The total numbers of args passed to the script: 5 
INFO:Args list: ['./setLedByGame.py', 'startup', 'startup', 'startup', 'startup'] 
INFO:The total numbers of args passed to the script: 5 
INFO:Args list: ['./setLedByGame.py', 'startup', 'startup', 'startup', 'startup'] 
INFO:The total numbers of args passed to the script: 1 
INFO:Args list: ['/home/pi/custom/test/adafruit/ledSetGame.py'] 
INFO:The total numbers of args passed to the script: 1 
INFO:Args list: ['/home/pi/custom/test/adafruit/ledSetGame.py'] 
INFO:The total numbers of args passed to the script: 4 
INFO:Args list: ['/home/pi/custom/setLedByGame.py', 'arcade', 'lr-mame2003', '/home/pi/RetroPie/roms/arcade/simpsons.zip'] 
INFO:The total numbers of args passed to the script: 4 
INFO:Args list: ['/home/pi/custom/setLedByGame.py', 'emulationstation', 'emulationstation', 'emulationstation'] 
INFO:The total numbers of args passed to the script: 1 
INFO:Args list: ['/home/pi/custom/test/adafruit/ledSetGame.py'] 
INFO:The total numbers of args passed to the script: 3 
INFO:Args list: ['/home/pi/custom/setLedByGame.py', 'superflappybirds', 'lr-superflappybirds'] 
INFO:The total numbers of args passed to the script: 4 
INFO:Args list: ['/home/pi/custom/setLedByGame.py', 'emulationstation', 'emulationstation', 'emulationstation'] 
INFO:The total numbers of args passed to the script: 3 
INFO:Args list: ['/home/pi/custom/setLedByGame.py', 'superflappybirds', 'lr-superflappybirds'] 
INFO:The total numbers of args passed to the script: 4 
INFO:Args list: ['/home/pi/custom/setLedByGame.py', 'emulationstation', 'emulationstation', 'emulationstation'] 
INFO:The total numbers of args passed to the script: 4 
INFO:Args list: ['/home/pi/custom/setLedByGame.py', 'arcade', 'lr-fbalpha2012', '/home/pi/RetroPie/roms/arcade/xmvsf.zip'] 
INFO:The total numbers of args passed to the script: 4 
INFO:Args list: ['/home/pi/custom/setLedByGame.py', 'emulationstation', 'emulationstation', 'emulationstation'] 
INFO:The total numbers of args passed to the script: 1 
INFO:Args list: ['/home/pi/custom/test/adafruit/ledSetGame.py'] 
INFO:The total numbers of args passed to the script: 5 
INFO:Args list: ['/home/pi/custom/setLedByGame.py', 'godot-engine', 'godot-engine-3.2.3', '/home/pi/RetroPie/roms/godot-engine/Platformer', 'Test.pck'] 
INFO:The total numbers of args passed to the script: 4 
INFO:Args list: ['/home/pi/custom/setLedByGame.py', 'emulationstation', 'emulationstation', 'emulationstation'] 
INFO:The total numbers of args passed to the script: 4 
INFO:Args list: ['/home/pi/custom/setLedByGame.py', 'godot-engine', 'godot-engine-3.2.3', '/home/pi/RetroPie/roms/godot-engine/DotsAdventure.zip'] 
INFO:The total numbers of args passed to the script: 4 
INFO:Args list: ['/home/pi/custom/setLedByGame.py', 'emulationstation', 'emulationstation', 'emulationstation'] 
INFO:The total numbers of args passed to the script: 4 
INFO:Args list: ['/home/pi/custom/setLedByGame.py', 'godot-engine', 'godot-engine-3.2.3', '/home/pi/RetroPie/roms/godot-engine/DotsAdventure.pck'] 
INFO:The total numbers of args passed to the script: 4 
INFO:Args list: ['/home/pi/custom/setLedByGame.py', 'emulationstation', 'emulationstation', 'emulationstation'] 
INFO:The total numbers of args passed to the script: 4 
INFO:Args list: ['/home/pi/custom/setLedByGame.py', 'godot-engine', 'godot-engine-3.2.3', '/home/pi/RetroPie/roms/godot-engine/DotsAdventure.zip'] 
INFO:The total numbers of args passed to the script: 1 
INFO:Args list: ['/home/pi/custom/test/adafruit/ledSetGame.py'] 
INFO:The total numbers of args passed to the script: 4 
INFO:Args list: ['/home/pi/custom/setLedByGame.py', 'godot-engine', 'godot-engine-3.2.3', '/home/pi/RetroPie/roms/godot-engine/DotsAdventure.zip'] 
INFO:The total numbers of args passed to the script: 1 
INFO:Args list: ['/home/pi/custom/test/adafruit/ledSetGame.py'] 
INFO:The total numbers of args passed to the script: 4 
INFO:Args list: ['/home/pi/custom/setLedByGame.py', 'arcade', 'lr-fbneo', '/home/pi/RetroPie/roms/arcade/1941.zip'] 
INFO:The total numbers of args passed to the script: 4 
INFO:Args list: ['/home/pi/custom/setLedByGame.py', 'emulationstation', 'emulationstation', 'emulationstation'] 
INFO:The total numbers of args passed to the script: 4 
INFO:Args list: ['/home/pi/custom/setLedByGame.py', 'godot-engine', 'godot-engine-3.2.3', '/home/pi/RetroPie/roms/godot-engine/DotsAdventure.zip'] 
INFO:The total numbers of args passed to the script: 4 
INFO:Args list: ['/home/pi/custom/setLedByGame.py', 'emulationstation', 'emulationstation', 'emulationstation'] 
INFO:The total numbers of args passed to the script: 4 
INFO:Args list: ['/home/pi/custom/setLedByGame.py', 'godot-engine', 'godot-engine-3.2.3', '/home/pi/RetroPie/roms/godot-engine/DotsAdventure.zip'] 
INFO:The total numbers of args passed to the script: 4 
INFO:Args list: ['/home/pi/custom/setLedByGame.py', 'emulationstation', 'emulationstation', 'emulationstation'] 
INFO:The total numbers of args passed to the script: 4 
INFO:Args list: ['/home/pi/custom/setLedByGame.py', 'godot-engine', 'godot-engine-3.2.3', '/home/pi/RetroPie/roms/godot-engine/DotsAdventure.zip'] 
INFO:The total numbers of args passed to the script: 4 
INFO:Args list: ['/home/pi/custom/setLedByGame.py', 'emulationstation', 'emulationstation', 'emulationstation'] 
INFO:The total numbers of args passed to the script: 4 
INFO:Args list: ['/home/pi/custom/setLedByGame.py', 'godot-engine', 'godot-engine-3.2.3', '/home/pi/RetroPie/roms/godot-engine/DotsAdventure.zip'] 
INFO:The total numbers of args passed to the script: 4 
INFO:Args list: ['/home/pi/custom/setLedByGame.py', 'emulationstation', 'emulationstation', 'emulationstation'] 
INFO:The total numbers of args passed to the script: 4 
INFO:Args list: ['/home/pi/custom/setLedByGame.py', 'godot-engine', 'godot-engine-3.2.3', '/home/pi/RetroPie/roms/godot-engine/DotsAdventure.zip'] 
INFO:The total numbers of args passed to the script: 4 
INFO:Args list: ['/home/pi/custom/setLedByGame.py', 'emulationstation', 'emulationstation', 'emulationstation'] 
INFO:The total numbers of args passed to the script: 4 
INFO:Args list: ['/home/pi/custom/setLedByGame.py', 'godot-engine', 'godot-engine-3.2.3', '/home/pi/RetroPie/roms/godot-engine/DotsAdventure.zip'] 
INFO:The total numbers of args passed to the script: 4 
INFO:Args list: ['/home/pi/custom/setLedByGame.py', 'emulationstation', 'emulationstation', 'emulationstation'] 
INFO:The total numbers of args passed to the script: 4 
INFO:Args list: ['/home/pi/custom/setLedByGame.py', 'godot-engine', 'godot-engine-3.2.3', '/home/pi/RetroPie/roms/godot-engine/DotsAdventure.zip'] 
INFO:The total numbers of args passed to the script: 4 
INFO:Args list: ['/home/pi/custom/setLedByGame.py', 'emulationstation', 'emulationstation', 'emulationstation'] 
INFO:The total numbers of args passed to the script: 4 
INFO:Args list: ['/home/pi/custom/setLedByGame.py', 'godot-engine', 'godot-engine-3.2.3', '/home/pi/RetroPie/roms/godot-engine/DotsAdventure.zip'] 
INFO:The total numbers of args passed to the script: 4 
INFO:Args list: ['/home/pi/custom/setLedByGame.py', 'emulationstation', 'emulationstation', 'emulationstation'] 
INFO:The total numbers of args passed to the script: 4 
INFO:Args list: ['/home/pi/custom/setLedByGame.py', 'godot-engine', 'godot-engine-3.2.3', '/home/pi/RetroPie/roms/godot-engine/DotsAdventure.zip'] 
INFO:The total numbers of args passed to the script: 4 
INFO:Args list: ['/home/pi/custom/setLedByGame.py', 'emulationstation', 'emulationstation', 'emulationstation'] 
INFO:The total numbers of args passed to the script: 4 
INFO:Args list: ['/home/pi/custom/setLedByGame.py', 'godot-engine', 'godot-engine-3.2.3', '/home/pi/RetroPie/roms/godot-engine/DotsAdventure.zip'] 
INFO:The total numbers of args passed to the script: 4 
INFO:Args list: ['/home/pi/custom/setLedByGame.py', 'emulationstation', 'emulationstation', 'emulationstation'] 
INFO:The total numbers of args passed to the script: 4 
INFO:Args list: ['/home/pi/custom/setLedByGame.py', 'godot-engine', 'godot-engine-3.2.3', '/home/pi/RetroPie/roms/godot-engine/DotsAdventure.zip'] 
INFO:The total numbers of args passed to the script: 4 
INFO:Args list: ['/home/pi/custom/setLedByGame.py', 'emulationstation', 'emulationstation', 'emulationstation'] 
INFO:The total numbers of args passed to the script: 4 
INFO:Args list: ['/home/pi/custom/setLedByGame.py', 'godot-engine', 'godot-engine-3.2.3', '/home/pi/RetroPie/roms/godot-engine/DotsAdventure.zip'] 
INFO:The total numbers of args passed to the script: 4 
INFO:Args list: ['/home/pi/custom/setLedByGame.py', 'emulationstation', 'emulationstation', 'emulationstation'] 
INFO:The total numbers of args passed to the script: 3 
INFO:Args list: ['/home/pi/custom/setLedByGame.py', 'superflappybirds', 'lr-superflappybirds'] 
INFO:The total numbers of args passed to the script: 4 
INFO:Args list: ['/home/pi/custom/setLedByGame.py', 'emulationstation', 'emulationstation', 'emulationstation'] 
INFO:The total numbers of args passed to the script: 1 
INFO:Args list: ['/home/pi/custom/test/adafruit/ledSetGame.py'] 
INFO:The total numbers of args passed to the script: 4 
INFO:Args list: ['/home/pi/custom/setLedByGame.py', 'godot-engine', 'godot-engine-3.2.3', '/home/pi/RetroPie/roms/godot-engine/DotsAdventure.zip'] 
INFO:The total numbers of args passed to the script: 4 
INFO:Args list: ['/home/pi/custom/setLedByGame.py', 'emulationstation', 'emulationstation', 'emulationstation'] 
INFO:The total numbers of args passed to the script: 3 
INFO:Args list: ['/home/pi/custom/setLedByGame.py', 'superflappybirds', 'lr-superflappybirds'] 
INFO:The total numbers of args passed to the script: 4 
INFO:Args list: ['/home/pi/custom/setLedByGame.py', 'emulationstation', 'emulationstation', 'emulationstation'] 
INFO:The total numbers of args passed to the script: 4 
INFO:Args list: ['/home/pi/custom/setLedByGame.py', 'godot-engine', 'godot-engine-3.2.3', '/home/pi/RetroPie/roms/godot-engine/DotsAdventure.zip'] 
INFO:The total numbers of args passed to the script: 4 
INFO:Args list: ['/home/pi/custom/setLedByGame.py', 'emulationstation', 'emulationstation', 'emulationstation'] 
INFO:The total numbers of args passed to the script: 4 
INFO:Args list: ['/home/pi/custom/setLedByGame.py', 'godot-engine', 'godot-engine-3.2.3', '/home/pi/RetroPie/roms/godot-engine/DotsAdventure.zip'] 
INFO:The total numbers of args passed to the script: 4 
INFO:Args list: ['/home/pi/custom/setLedByGame.py', 'emulationstation', 'emulationstation', 'emulationstation'] 
INFO:The total numbers of args passed to the script: 4 
INFO:Args list: ['/home/pi/custom/setLedByGame.py', 'godot-engine', 'godot-engine-3.2.3', '/home/pi/RetroPie/roms/godot-engine/DotsAdventure.zip'] 
INFO:The total numbers of args passed to the script: 4 
INFO:Args list: ['/home/pi/custom/setLedByGame.py', 'emulationstation', 'emulationstation', 'emulationstation'] 
INFO:The total numbers of args passed to the script: 4 
INFO:Args list: ['/home/pi/custom/setLedByGame.py', 'godot-engine', 'godot-engine-3.2.3', '/home/pi/RetroPie/roms/godot-engine/DotsAdventure.zip'] 
INFO:The total numbers of args passed to the script: 4 
INFO:Args list: ['/home/pi/custom/setLedByGame.py', 'emulationstation', 'emulationstation', 'emulationstation'] 
INFO:The total numbers of args passed to the script: 4 
INFO:Args list: ['/home/pi/custom/setLedByGame.py', 'arcade', 'lr-mame2003', '/home/pi/RetroPie/roms/arcade/simpsons.zip'] 
INFO:The total numbers of args passed to the script: 4 
INFO:Args list: ['/home/pi/custom/setLedByGame.py', 'emulationstation', 'emulationstation', 'emulationstation'] 
INFO:The total numbers of args passed to the script: 3 
INFO:Args list: ['/home/pi/custom/setLedByGame.py', 'superflappybirds', 'lr-superflappybirds'] 
INFO:The total numbers of args passed to the script: 4 
INFO:Args list: ['/home/pi/custom/setLedByGame.py', 'emulationstation', 'emulationstation', 'emulationstation'] 
INFO:The total numbers of args passed to the script: 4 
INFO:Args list: ['/home/pi/custom/setLedByGame.py', 'godot-engine', 'godot-engine-3.2.3', '/home/pi/RetroPie/roms/godot-engine/DotsAdventure.zip'] 
INFO:The total numbers of args passed to the script: 4 
INFO:Args list: ['/home/pi/custom/setLedByGame.py', 'emulationstation', 'emulationstation', 'emulationstation'] 
INFO:The total numbers of args passed to the script: 1 
INFO:Args list: ['/home/pi/custom/test/adafruit/ledSetGame.py'] 
INFO:The total numbers of args passed to the script: 4 
INFO:Args list: ['/home/pi/custom/setLedByGame.py', 'godot-engine', 'godot-engine-3.2.3', '/home/pi/RetroPie/roms/godot-engine/DotsAdventure.zip'] 
INFO:The total numbers of args passed to the script: 4 
INFO:Args list: ['/home/pi/custom/setLedByGame.py', 'emulationstation', 'emulationstation', 'emulationstation'] 
INFO:The total numbers of args passed to the script: 4 
INFO:Args list: ['/home/pi/custom/setLedByGame.py', 'godot-engine', 'godot-engine-3.2.3', '/home/pi/RetroPie/roms/godot-engine/DotsAdventure.zip'] 
INFO:The total numbers of args passed to the script: 4 
INFO:Args list: ['/home/pi/custom/setLedByGame.py', 'emulationstation', 'emulationstation', 'emulationstation'] 
INFO:The total numbers of args passed to the script: 1 
INFO:Args list: ['/home/pi/custom/test/adafruit/ledSetGame.py'] 
INFO:The total numbers of args passed to the script: 4 
INFO:Args list: ['/home/pi/custom/setLedByGame.py', 'godot-engine', 'godot-engine-3.2.3', '/home/pi/RetroPie/roms/godot-engine/DotsAdventure.zip'] 
INFO:The total numbers of args passed to the script: 4 
INFO:Args list: ['/home/pi/custom/setLedByGame.py', 'emulationstation', 'emulationstation', 'emulationstation'] 
INFO:The total numbers of args passed to the script: 4 
INFO:Args list: ['/home/pi/custom/setLedByGame.py', 'godot-engine', 'godot-engine-3.2.3', '/home/pi/RetroPie/roms/godot-engine/DotsAdventure.zip'] 
INFO:The total numbers of args passed to the script: 4 
INFO:Args list: ['/home/pi/custom/setLedByGame.py', 'emulationstation', 'emulationstation', 'emulationstation'] 
INFO:The total numbers of args passed to the script: 4 
INFO:Args list: ['/home/pi/custom/setLedByGame.py', 'godot-engine', 'godot-engine-3.2.3', '/home/pi/RetroPie/roms/godot-engine/DotsAdventure.zip'] 
INFO:The total numbers of args passed to the script: 4 
INFO:Args list: ['/home/pi/custom/setLedByGame.py', 'emulationstation', 'emulationstation', 'emulationstation'] 
INFO:The total numbers of args passed to the script: 4 
INFO:Args list: ['/home/pi/custom/setLedByGame.py', 'godot-engine', 'godot-engine-3.2.3', '/home/pi/RetroPie/roms/godot-engine/DotsAdventure.zip'] 
INFO:The total numbers of args passed to the script: 4 
INFO:Args list: ['/home/pi/custom/setLedByGame.py', 'emulationstation', 'emulationstation', 'emulationstation'] 
INFO:The total numbers of args passed to the script: 4 
INFO:Args list: ['/home/pi/custom/setLedByGame.py', 'godot-engine', 'godot-engine-3.2.3', '/home/pi/RetroPie/roms/godot-engine/DotsAdventure.zip'] 
INFO:The total numbers of args passed to the script: 4 
INFO:Args list: ['/home/pi/custom/setLedByGame.py', 'emulationstation', 'emulationstation', 'emulationstation'] 
INFO:The total numbers of args passed to the script: 1 
INFO:Args list: ['/home/pi/custom/test/adafruit/ledSetGame.py'] 
INFO:The total numbers of args passed to the script: 1 
INFO:Args list: ['/home/pi/custom/test/adafruit/ledSetGame.py'] 
INFO:The total numbers of args passed to the script: 1 
INFO:Args list: ['/home/pi/custom/test/adafruit/ledSetGame.py'] 
INFO:The total numbers of args passed to the script: 1 
INFO:Args list: ['/home/pi/custom/test/adafruit/ledSetGame.py'] 
INFO:The total numbers of args passed to the script: 6 
INFO:Args list: ['/home/pi/custom/setLedByGame.py', 'psx', 'lr-pcsx-rearmed', '/home/pi/RetroPie/roms/psx/Tetris', 'Plus', '(USA).chd'] 
INFO:The total numbers of args passed to the script: 4 
INFO:Args list: ['/home/pi/custom/setLedByGame.py', 'emulationstation', 'emulationstation', 'emulationstation'] 
INFO:The total numbers of args passed to the script: 8 
INFO:Args list: ['/home/pi/custom/setLedByGame.py', 'psx', 'lr-pcsx-rearmed', '/home/pi/RetroPie/roms/psx/X-Men', 'vs.', 'Street', 'Fighter', '(USA).chd'] 
INFO:The total numbers of args passed to the script: 4 
INFO:Args list: ['/home/pi/custom/setLedByGame.py', 'emulationstation', 'emulationstation', 'emulationstation'] 
INFO:The total numbers of args passed to the script: 6 
INFO:Args list: ['/home/pi/custom/setLedByGame.py', 'psp', 'ppsspp-1.5.4', '/home/pi/RetroPie/roms/psp/PAC-MAN', 'Championship', 'Edition.iso'] 
INFO:The total numbers of args passed to the script: 4 
INFO:Args list: ['/home/pi/custom/setLedByGame.py', 'emulationstation', 'emulationstation', 'emulationstation'] 
INFO:The total numbers of args passed to the script: 4 
INFO:Args list: ['/home/pi/custom/setLedByGame.py', 'godot-engine', 'godot-engine-3.2.3', '/home/pi/RetroPie/roms/godot-engine/DotsAdventure.zip'] 
INFO:The total numbers of args passed to the script: 4 
INFO:Args list: ['/home/pi/custom/setLedByGame.py', 'emulationstation', 'emulationstation', 'emulationstation'] 
INFO:The total numbers of args passed to the script: 4 
INFO:Args list: ['/home/pi/custom/setLedByGame.py', 'godot-engine', 'godot-engine-3.2.3', '/home/pi/RetroPie/roms/godot-engine/DotsAdventure.zip'] 
INFO:The total numbers of args passed to the script: 4 
INFO:Args list: ['/home/pi/custom/setLedByGame.py', 'emulationstation', 'emulationstation', 'emulationstation'] 
INFO:The total numbers of args passed to the script: 1 
INFO:Args list: ['/home/pi/custom/test/adafruit/ledSetGame.py'] 
INFO:The total numbers of args passed to the script: 1 
INFO:Args list: ['/home/pi/custom/test/adafruit/ledSetGame.py'] 
INFO:The total numbers of args passed to the script: 1 
INFO:Args list: ['/home/pi/custom/test/adafruit/ledSetGame.py'] 
INFO:The total numbers of args passed to the script: 1 
INFO:Args list: ['/home/pi/custom/test/adafruit/ledSetGame.py'] 
INFO:The total numbers of args passed to the script: 4 
INFO:Args list: ['/home/pi/custom/setLedByGame.py', 'arcade', 'lr-fbneo', '/home/pi/RetroPie/roms/arcade/rallyx.zip'] 
INFO:The total numbers of args passed to the script: 4 
INFO:Args list: ['/home/pi/custom/setLedByGame.py', 'emulationstation', 'emulationstation', 'emulationstation'] 
INFO:The total numbers of args passed to the script: 4 
INFO:Args list: ['/home/pi/custom/setLedByGame.py', 'arcade', 'lr-fbneo', '/home/pi/RetroPie/roms/arcade/rallyx.zip'] 
INFO:The total numbers of args passed to the script: 4 
INFO:Args list: ['/home/pi/custom/setLedByGame.py', 'emulationstation', 'emulationstation', 'emulationstation'] 
INFO:The total numbers of args passed to the script: 4 
INFO:Args list: ['/home/pi/custom/setLedByGame.py', 'arcade', 'lr-mame2010', '/home/pi/RetroPie/roms/arcade/centiped.zip'] 
INFO:The total numbers of args passed to the script: 4 
INFO:Args list: ['/home/pi/custom/setLedByGame.py', 'emulationstation', 'emulationstation', 'emulationstation'] 
INFO:The total numbers of args passed to the script: 1 
INFO:Args list: ['/home/pi/custom/test/adafruit/ledSetGame.py'] 
INFO:The total numbers of args passed to the script: 9 
INFO:Args list: ['/home/pi/custom/setLedByGame.py', 'psx', 'lr-pcsx-rearmed', '/home/pi/RetroPie/roms/psx/X-Men', '-', 'Mutant', 'Academy', '2', '(USA).chd'] 
INFO:The total numbers of args passed to the script: 4 
INFO:Args list: ['/home/pi/custom/setLedByGame.py', 'emulationstation', 'emulationstation', 'emulationstation'] 
INFO:The total numbers of args passed to the script: 4 
INFO:Args list: ['/home/pi/custom/setLedByGame.py', 'arcade', 'lr-fbalpha2012', '/home/pi/RetroPie/roms/arcade/xmcota.zip'] 
INFO:The total numbers of args passed to the script: 4 
INFO:Args list: ['/home/pi/custom/setLedByGame.py', 'emulationstation', 'emulationstation', 'emulationstation'] 
INFO:The total numbers of args passed to the script: 9 
INFO:Args list: ['/home/pi/custom/setLedByGame.py', 'psx', 'lr-pcsx-rearmed', '/home/pi/RetroPie/roms/psx/X-Men', '-', 'Mutant', 'Academy', '2', '(USA).chd'] 
INFO:The total numbers of args passed to the script: 4 
INFO:Args list: ['/home/pi/custom/setLedByGame.py', 'emulationstation', 'emulationstation', 'emulationstation'] 
INFO:The total numbers of args passed to the script: 8 
INFO:Args list: ['/home/pi/custom/setLedByGame.py', 'psx', 'lr-pcsx-rearmed', '/home/pi/RetroPie/roms/psx/X-Men', 'vs.', 'Street', 'Fighter', '(USA).chd'] 
INFO:The total numbers of args passed to the script: 4 
INFO:Args list: ['/home/pi/custom/setLedByGame.py', 'emulationstation', 'emulationstation', 'emulationstation'] 
INFO:The total numbers of args passed to the script: 12 
INFO:Args list: ['/home/pi/custom/setLedByGame.py', 'psx', 'lr-pcsx-rearmed', '/home/pi/RetroPie/roms/psx/Marvel', 'vs.', 'Capcom', '-', 'Clash', 'of', 'Super', 'Heroes', '(USA).chd'] 
INFO:The total numbers of args passed to the script: 4 
INFO:Args list: ['/home/pi/custom/setLedByGame.py', 'emulationstation', 'emulationstation', 'emulationstation'] 
INFO:The total numbers of args passed to the script: 8 
INFO:Args list: ['/home/pi/custom/setLedByGame.py', 'psx', 'lr-pcsx-rearmed', '/home/pi/RetroPie/roms/psx/Simpsons,', 'The', '-', 'Wrestling', '(USA).PBP'] 
INFO:The total numbers of args passed to the script: 4 
INFO:Args list: ['/home/pi/custom/setLedByGame.py', 'emulationstation', 'emulationstation', 'emulationstation'] 
INFO:The total numbers of args passed to the script: 3 
INFO:Args list: ['/home/pi/custom/setLedByGame.py', 'steamlink', 'steamlink'] 
INFO:The total numbers of args passed to the script: 4 
INFO:Args list: ['/home/pi/custom/setLedByGame.py', 'emulationstation', 'emulationstation', 'emulationstation'] 
INFO:The total numbers of args passed to the script: 3 
INFO:Args list: ['/home/pi/custom/setLedByGame.py', 'steamlink', 'steamlink'] 
INFO:The total numbers of args passed to the script: 4 
INFO:Args list: ['/home/pi/custom/setLedByGame.py', 'emulationstation', 'emulationstation', 'emulationstation'] 
INFO:The total numbers of args passed to the script: 3 
INFO:Args list: ['/home/pi/custom/setLedByGame.py', 'steamlink', 'steamlink'] 
INFO:The total numbers of args passed to the script: 4 
INFO:Args list: ['/home/pi/custom/setLedByGame.py', 'emulationstation', 'emulationstation', 'emulationstation'] 
INFO:The total numbers of args passed to the script: 3 
INFO:Args list: ['/home/pi/custom/setLedByGame.py', 'steamlink', 'steamlink'] 
INFO:The total numbers of args passed to the script: 4 
INFO:Args list: ['/home/pi/custom/setLedByGame.py', 'emulationstation', 'emulationstation', 'emulationstation'] 
INFO:The total numbers of args passed to the script: 3 
INFO:Args list: ['/home/pi/custom/setLedByGame.py', 'steamlink', 'steamlink'] 
INFO:The total numbers of args passed to the script: 4 
INFO:Args list: ['/home/pi/custom/setLedByGame.py', 'emulationstation', 'emulationstation', 'emulationstation'] 
INFO:The total numbers of args passed to the script: 1 
INFO:Args list: ['/home/pi/custom/test/adafruit/ledSetGame.py'] 
INFO:The total numbers of args passed to the script: 1 
INFO:Args list: ['/home/pi/custom/test/adafruit/ledSetGame.py'] 
INFO:The total numbers of args passed to the script: 3 
INFO:Args list: ['/home/pi/custom/setLedByGame.py', 'dreamcast', 'reicast'] 
INFO:The total numbers of args passed to the script: 4 
INFO:Args list: ['/home/pi/custom/setLedByGame.py', 'emulationstation', 'emulationstation', 'emulationstation'] 
INFO:The total numbers of args passed to the script: 3 
INFO:Args list: ['/home/pi/custom/setLedByGame.py', 'dreamcast', 'reicast'] 
INFO:The total numbers of args passed to the script: 4 
INFO:Args list: ['/home/pi/custom/setLedByGame.py', 'emulationstation', 'emulationstation', 'emulationstation'] 
INFO:The total numbers of args passed to the script: 3 
INFO:Args list: ['/home/pi/custom/setLedByGame.py', 'dreamcast', 'reicast'] 
INFO:The total numbers of args passed to the script: 4 
INFO:Args list: ['/home/pi/custom/setLedByGame.py', 'emulationstation', 'emulationstation', 'emulationstation'] 
INFO:The total numbers of args passed to the script: 7 
INFO:Args list: ['/home/pi/custom/setLedByGame.py', 'dreamcast', 'reicast-audio-omx', '/home/pi/RetroPie/roms/dreamcast/Crazy', 'Taxi', '2', '(USA).CDI'] 
INFO:The total numbers of args passed to the script: 4 
INFO:Args list: ['/home/pi/custom/setLedByGame.py', 'emulationstation', 'emulationstation', 'emulationstation'] 
INFO:The total numbers of args passed to the script: 8 
INFO:Args list: ['/home/pi/custom/setLedByGame.py', 'dreamcast', 'reicast-audio-omx', '/home/pi/RetroPie/roms/dreamcast/Marvel', 'vs.', 'Capcom', '2', '(USA).cdi'] 
INFO:The total numbers of args passed to the script: 4 
INFO:Args list: ['/home/pi/custom/setLedByGame.py', 'emulationstation', 'emulationstation', 'emulationstation'] 
INFO:The total numbers of args passed to the script: 3 
INFO:Args list: ['/home/pi/custom/setLedByGame.py', 'dreamcast', 'reicast'] 
INFO:The total numbers of args passed to the script: 4 
INFO:Args list: ['/home/pi/custom/setLedByGame.py', 'emulationstation', 'emulationstation', 'emulationstation'] 
INFO:The total numbers of args passed to the script: 8 
INFO:Args list: ['/home/pi/custom/setLedByGame.py', 'dreamcast', 'reicast-audio-omx', '/home/pi/RetroPie/roms/dreamcast/Marvel', 'vs.', 'Capcom', '2', '(USA).cdi'] 
INFO:The total numbers of args passed to the script: 4 
INFO:Args list: ['/home/pi/custom/setLedByGame.py', 'emulationstation', 'emulationstation', 'emulationstation'] 
INFO:The total numbers of args passed to the script: 3 
INFO:Args list: ['/home/pi/custom/setLedByGame.py', 'dreamcast', 'reicast'] 
INFO:The total numbers of args passed to the script: 4 
INFO:Args list: ['/home/pi/custom/setLedByGame.py', 'emulationstation', 'emulationstation', 'emulationstation'] 
INFO:The total numbers of args passed to the script: 8 
INFO:Args list: ['/home/pi/custom/setLedByGame.py', 'dreamcast', 'reicast-audio-omx', '/home/pi/RetroPie/roms/dreamcast/Marvel', 'vs.', 'Capcom', '2', '(USA).cdi'] 
INFO:The total numbers of args passed to the script: 4 
INFO:Args list: ['/home/pi/custom/setLedByGame.py', 'emulationstation', 'emulationstation', 'emulationstation'] 
INFO:The total numbers of args passed to the script: 3 
INFO:Args list: ['/home/pi/custom/setLedByGame.py', 'steamlink', 'steamlink'] 
INFO:The total numbers of args passed to the script: 1 
INFO:Args list: ['/home/pi/custom/test/adafruit/ledSetGame.py'] 
INFO:The total numbers of args passed to the script: 1 
INFO:Args list: ['/home/pi/custom/test/adafruit/ledSetGame.py'] 
INFO:The total numbers of args passed to the script: 8 
INFO:Args list: ['/home/pi/custom/setLedByGame.py', 'dreamcast', 'reicast-audio-oss', '/home/pi/RetroPie/roms/dreamcast/Marvel', 'vs.', 'Capcom', '2', '(USA).cdi'] 
INFO:The total numbers of args passed to the script: 4 
INFO:Args list: ['/home/pi/custom/setLedByGame.py', 'emulationstation', 'emulationstation', 'emulationstation'] 
INFO:The total numbers of args passed to the script: 1 
INFO:Args list: ['/home/pi/custom/test/adafruit/ledSetGame.py'] 
INFO:The total numbers of args passed to the script: 1 
INFO:Args list: ['/home/pi/custom/test/adafruit/ledSetGame.py'] 
INFO:The total numbers of args passed to the script: 1 
INFO:Args list: ['/home/pi/custom/test/adafruit/ledSetGame.py'] 
INFO:The total numbers of args passed to the script: 1 
INFO:Args list: ['/home/pi/custom/test/adafruit/ledSetGame.py'] 
INFO:The total numbers of args passed to the script: 3 
INFO:Args list: ['/home/pi/custom/setLedByGame.py', 'steamlink', 'steamlink'] 
INFO:The total numbers of args passed to the script: 4 
INFO:Args list: ['/home/pi/custom/setLedByGame.py', 'emulationstation', 'emulationstation', 'emulationstation'] 
INFO:The total numbers of args passed to the script: 1 
INFO:Args list: ['/home/pi/custom/test/adafruit/ledSetGame.py'] 
INFO:The total numbers of args passed to the script: 3 
INFO:Args list: ['/home/pi/custom/setLedByGame.py', 'steamlink', 'steamlink'] 
INFO:The total numbers of args passed to the script: 4 
INFO:Args list: ['/home/pi/custom/setLedByGame.py', 'emulationstation', 'emulationstation', 'emulationstation'] 
INFO:The total numbers of args passed to the script: 3 
INFO:Args list: ['/home/pi/custom/setLedByGame.py', 'steamlink', 'steamlink'] 
INFO:The total numbers of args passed to the script: 4 
INFO:Args list: ['/home/pi/custom/setLedByGame.py', 'emulationstation', 'emulationstation', 'emulationstation'] 
INFO:The total numbers of args passed to the script: 9 
INFO:Args list: ['/home/pi/custom/setLedByGame.py', 'psx', 'lr-pcsx-rearmed', '/home/pi/RetroPie/roms/psx/X-Men', '-', 'Mutant', 'Academy', '2', '(USA).chd'] 
INFO:The total numbers of args passed to the script: 4 
INFO:Args list: ['/home/pi/custom/setLedByGame.py', 'emulationstation', 'emulationstation', 'emulationstation'] 
INFO:The total numbers of args passed to the script: 9 
INFO:Args list: ['/home/pi/custom/setLedByGame.py', 'psx', 'lr-pcsx-rearmed', '/home/pi/RetroPie/roms/psx/X-Men', '-', 'Mutant', 'Academy', '2', '(USA).chd'] 
INFO:The total numbers of args passed to the script: 4 
INFO:Args list: ['/home/pi/custom/setLedByGame.py', 'emulationstation', 'emulationstation', 'emulationstation'] 
INFO:The total numbers of args passed to the script: 1 
INFO:Args list: ['/home/pi/custom/test/adafruit/ledSetGame.py'] 
INFO:The total numbers of args passed to the script: 9 
INFO:Args list: ['/home/pi/custom/setLedByGame.py', 'psx', 'lr-pcsx-rearmed', '/home/pi/RetroPie/roms/psx/X-Men', '-', 'Mutant', 'Academy', '2', '(E).cue'] 
INFO:The total numbers of args passed to the script: 4 
INFO:Args list: ['/home/pi/custom/setLedByGame.py', 'emulationstation', 'emulationstation', 'emulationstation'] 
INFO:The total numbers of args passed to the script: 9 
INFO:Args list: ['/home/pi/custom/setLedByGame.py', 'psx', 'lr-pcsx-rearmed', '/home/pi/RetroPie/roms/psx/X-Men', '-', 'Mutant', 'Academy', '2', '(USA).chd'] 
INFO:The total numbers of args passed to the script: 4 
INFO:Args list: ['/home/pi/custom/setLedByGame.py', 'emulationstation', 'emulationstation', 'emulationstation'] 
INFO:The total numbers of args passed to the script: 9 
INFO:Args list: ['/home/pi/custom/setLedByGame.py', 'psx', 'lr-pcsx-rearmed', '/home/pi/RetroPie/roms/psx/X-Men', '-', 'Mutant', 'Academy', '2', '(USA).chd'] 
INFO:The total numbers of args passed to the script: 4 
INFO:Args list: ['/home/pi/custom/setLedByGame.py', 'emulationstation', 'emulationstation', 'emulationstation'] 
INFO:The total numbers of args passed to the script: 9 
INFO:Args list: ['/home/pi/custom/setLedByGame.py', 'psx', 'lr-pcsx-rearmed', '/home/pi/RetroPie/roms/psx/X-Men', '-', 'Mutant', 'Academy', '2', '(USA).chd'] 
INFO:The total numbers of args passed to the script: 4 
INFO:Args list: ['/home/pi/custom/setLedByGame.py', 'emulationstation', 'emulationstation', 'emulationstation'] 
INFO:The total numbers of args passed to the script: 9 
INFO:Args list: ['/home/pi/custom/setLedByGame.py', 'psx', 'lr-pcsx-rearmed', '/home/pi/RetroPie/roms/psx/X-Men', '-', 'Mutant', 'Academy', '2', '(USA).chd'] 
INFO:The total numbers of args passed to the script: 4 
INFO:Args list: ['/home/pi/custom/setLedByGame.py', 'emulationstation', 'emulationstation', 'emulationstation'] 
INFO:The total numbers of args passed to the script: 1 
INFO:Args list: ['/home/pi/custom/test/adafruit/ledSetGame.py'] 
INFO:The total numbers of args passed to the script: 9 
INFO:Args list: ['/home/pi/custom/setLedByGame.py', 'psx', 'lr-pcsx-rearmed', '/home/pi/RetroPie/roms/psx/X-Men', '-', 'Mutant', 'Academy', '2', '(USA).chd'] 
INFO:The total numbers of args passed to the script: 4 
INFO:Args list: ['/home/pi/custom/setLedByGame.py', 'emulationstation', 'emulationstation', 'emulationstation'] 
INFO:The total numbers of args passed to the script: 12 
INFO:Args list: ['/home/pi/custom/setLedByGame.py', 'psx', 'lr-pcsx-rearmed', '/home/pi/RetroPie/roms/psx/Marvel', 'vs.', 'Capcom', '-', 'Clash', 'of', 'Super', 'Heroes', '(USA).chd'] 
INFO:The total numbers of args passed to the script: 4 
INFO:Args list: ['/home/pi/custom/setLedByGame.py', 'emulationstation', 'emulationstation', 'emulationstation'] 
INFO:The total numbers of args passed to the script: 12 
INFO:Args list: ['/home/pi/custom/setLedByGame.py', 'psx', 'lr-pcsx-rearmed', '/home/pi/RetroPie/roms/psx/Marvel', 'vs.', 'Capcom', '-', 'Clash', 'of', 'Super', 'Heroes', '(USA).chd'] 
INFO:The total numbers of args passed to the script: 4 
INFO:Args list: ['/home/pi/custom/setLedByGame.py', 'emulationstation', 'emulationstation', 'emulationstation'] 
INFO:The total numbers of args passed to the script: 4 
INFO:Args list: ['/home/pi/custom/setLedByGame.py', 'arcade', 'lr-fbneo', '/home/pi/RetroPie/roms/arcade/rtype2.zip'] 
INFO:The total numbers of args passed to the script: 4 
INFO:Args list: ['/home/pi/custom/setLedByGame.py', 'emulationstation', 'emulationstation', 'emulationstation'] 
INFO:The total numbers of args passed to the script: 4 
INFO:Args list: ['/home/pi/custom/setLedByGame.py', 'arcade', 'lr-fbneo', '/home/pi/RetroPie/roms/arcade/ddp2.zip'] 
INFO:The total numbers of args passed to the script: 4 
INFO:Args list: ['/home/pi/custom/setLedByGame.py', 'emulationstation', 'emulationstation', 'emulationstation'] 
INFO:The total numbers of args passed to the script: 1 
INFO:Args list: ['/home/pi/custom/test/adafruit/ledSetGame.py'] 
INFO:The total numbers of args passed to the script: 5 
INFO:Args list: ['/home/pi/custom/setLedByGame.py', 'psx', 'lr-pcsx-rearmed', '/home/pi/RetroPie/roms/psx/Frogger', '(USA).PBP'] 
INFO:The total numbers of args passed to the script: 4 
INFO:Args list: ['/home/pi/custom/setLedByGame.py', 'emulationstation', 'emulationstation', 'emulationstation'] 
INFO:The total numbers of args passed to the script: 1 
INFO:Args list: ['/home/pi/custom/test/adafruit/ledSetGame.py'] 
INFO:The total numbers of args passed to the script: 9 
INFO:Args list: ['/home/pi/custom/setLedByGame.py', 'psx', 'lr-pcsx-rearmed', '/home/pi/RetroPie/roms/psx/X-Men', '-', 'Mutant', 'Academy', '2', '(USA).chd'] 
INFO:The total numbers of args passed to the script: 4 
INFO:Args list: ['/home/pi/custom/setLedByGame.py', 'emulationstation', 'emulationstation', 'emulationstation'] 
INFO:The total numbers of args passed to the script: 1 
INFO:Args list: ['/home/pi/custom/test/adafruit/ledSetGame.py'] 
INFO:The total numbers of args passed to the script: 1 
INFO:Args list: ['/home/pi/custom/test/adafruit/ledSetGame.py'] 
INFO:The total numbers of args passed to the script: 4 
INFO:Args list: ['/home/pi/custom/setLedByGame.py', 'neogeo', 'lr-fbneo', '/home/pi/RetroPie/roms/neogeo/ncommand.zip'] 
INFO:The total numbers of args passed to the script: 4 
INFO:Args list: ['/home/pi/custom/setLedByGame.py', 'emulationstation', 'emulationstation', 'emulationstation'] 
INFO:The total numbers of args passed to the script: 4 
INFO:Args list: ['/home/pi/custom/setLedByGame.py', 'neogeo', 'lr-fbneo', '/home/pi/RetroPie/roms/neogeo/ncommand.zip'] 
INFO:The total numbers of args passed to the script: 4 
INFO:Args list: ['/home/pi/custom/setLedByGame.py', 'emulationstation', 'emulationstation', 'emulationstation'] 
INFO:The total numbers of args passed to the script: 4 
INFO:Args list: ['/home/pi/custom/setLedByGame.py', 'neogeo', 'lr-fbneo', '/home/pi/RetroPie/roms/neogeo/neodrift.zip'] 
INFO:The total numbers of args passed to the script: 4 
INFO:Args list: ['/home/pi/custom/setLedByGame.py', 'emulationstation', 'emulationstation', 'emulationstation'] 
INFO:The total numbers of args passed to the script: 4 
INFO:Args list: ['/home/pi/custom/setLedByGame.py', 'neogeo', 'lr-fbneo', '/home/pi/RetroPie/roms/neogeo/neodrift.zip'] 
INFO:The total numbers of args passed to the script: 4 
INFO:Args list: ['/home/pi/custom/setLedByGame.py', 'emulationstation', 'emulationstation', 'emulationstation'] 
INFO:The total numbers of args passed to the script: 1 
INFO:Args list: ['/home/pi/custom/test/adafruit/ledSetGame.py'] 
INFO:The total numbers of args passed to the script: 4 
INFO:Args list: ['/home/pi/custom/setLedByGame.py', 'arcade', 'lr-fbneo', '/home/pi/RetroPie/roms/arcade/merlinmm.zip'] 
INFO:The total numbers of args passed to the script: 4 
INFO:Args list: ['/home/pi/custom/setLedByGame.py', 'emulationstation', 'emulationstation', 'emulationstation'] 
INFO:The total numbers of args passed to the script: 3 
INFO:Args list: ['/home/pi/custom/setLedByGame.py', 'steamlink', 'steamlink'] 
INFO:The total numbers of args passed to the script: 4 
INFO:Args list: ['/home/pi/custom/setLedByGame.py', 'emulationstation', 'emulationstation', 'emulationstation'] 
INFO:The total numbers of args passed to the script: 4 
INFO:Args list: ['/home/pi/custom/setLedByGame.py', 'arcade', 'lr-mame2003', '/home/pi/RetroPie/roms/arcade/gimeabrk.zip'] 
INFO:The total numbers of args passed to the script: 4 
INFO:Args list: ['/home/pi/custom/setLedByGame.py', 'emulationstation', 'emulationstation', 'emulationstation'] 
INFO:The total numbers of args passed to the script: 4 
INFO:Args list: ['/home/pi/custom/setLedByGame.py', 'arcade', 'lr-mame2010', '/home/pi/RetroPie/roms/arcade/wcbowldx.zip'] 
INFO:The total numbers of args passed to the script: 4 
INFO:Args list: ['/home/pi/custom/setLedByGame.py', 'emulationstation', 'emulationstation', 'emulationstation'] 
INFO:The total numbers of args passed to the script: 7 
INFO:Args list: ['/home/pi/custom/setLedByGame.py', 'psx', 'lr-pcsx-rearmed', '/home/pi/RetroPie/roms/psx/Twisted', 'Metal', '4', '(USA).chd'] 
INFO:The total numbers of args passed to the script: 4 
INFO:Args list: ['/home/pi/custom/setLedByGame.py', 'emulationstation', 'emulationstation', 'emulationstation'] 
INFO:The total numbers of args passed to the script: 4 
INFO:Args list: ['/home/pi/custom/setLedByGame.py', 'arcade', 'lr-mame2003', '/home/pi/RetroPie/roms/arcade/rmpgwt.zip'] 
INFO:The total numbers of args passed to the script: 4 
INFO:Args list: ['/home/pi/custom/setLedByGame.py', 'emulationstation', 'emulationstation', 'emulationstation'] 
INFO:The total numbers of args passed to the script: 4 
INFO:Args list: ['/home/pi/custom/setLedByGame.py', 'arcade', 'lr-mame2003', '/home/pi/RetroPie/roms/arcade/teedoff.zip'] 
INFO:The total numbers of args passed to the script: 4 
INFO:Args list: ['/home/pi/custom/setLedByGame.py', 'emulationstation', 'emulationstation', 'emulationstation'] 
INFO:The total numbers of args passed to the script: 4 
INFO:Args list: ['/home/pi/custom/setLedByGame.py', 'arcade', 'lr-mame2010', '/home/pi/RetroPie/roms/arcade/gt2k.zip'] 
INFO:The total numbers of args passed to the script: 4 
INFO:Args list: ['/home/pi/custom/setLedByGame.py', 'emulationstation', 'emulationstation', 'emulationstation'] 
INFO:The total numbers of args passed to the script: 1 
INFO:Args list: ['/home/pi/custom/test/adafruit/ledSetGame.py'] 
INFO:The total numbers of args passed to the script: 4 
INFO:Args list: ['/home/pi/custom/setLedByGame.py', 'arcade', 'lr-mame2003', '/home/pi/RetroPie/roms/arcade/bublbob2.zip'] 
INFO:The total numbers of args passed to the script: 4 
INFO:Args list: ['/home/pi/custom/setLedByGame.py', 'emulationstation', 'emulationstation', 'emulationstation'] 
INFO:The total numbers of args passed to the script: 4 
INFO:Args list: ['/home/pi/custom/setLedByGame.py', 'arcade', 'lr-mame2010', '/home/pi/RetroPie/roms/arcade/wcbowldx.zip'] 
INFO:The total numbers of args passed to the script: 4 
INFO:Args list: ['/home/pi/custom/setLedByGame.py', 'emulationstation', 'emulationstation', 'emulationstation'] 
INFO:The total numbers of args passed to the script: 4 
INFO:Args list: ['/home/pi/custom/setLedByGame.py', 'arcade', 'lr-mame2003', '/home/pi/RetroPie/roms/arcade/minigolf.zip'] 
INFO:The total numbers of args passed to the script: 4 
INFO:Args list: ['/home/pi/custom/setLedByGame.py', 'emulationstation', 'emulationstation', 'emulationstation'] 
INFO:The total numbers of args passed to the script: 1 
INFO:Args list: ['/home/pi/custom/test/adafruit/ledSetGame.py'] 
INFO:The total numbers of args passed to the script: 9 
INFO:Args list: ['/home/pi/custom/setLedByGame.py', 'psx', 'lr-pcsx-rearmed', '/home/pi/RetroPie/roms/psx/X-Men', '-', 'Mutant', 'Academy', '2', '(USA).chd'] 
INFO:The total numbers of args passed to the script: 4 
INFO:Args list: ['/home/pi/custom/setLedByGame.py', 'emulationstation', 'emulationstation', 'emulationstation'] 
INFO:The total numbers of args passed to the script: 1 
INFO:Args list: ['/home/pi/custom/test/adafruit/ledSetGame.py'] 
INFO:The total numbers of args passed to the script: 4 
INFO:Args list: ['/home/pi/custom/setLedByGame.py', 'arcade', 'lr-mame2010', '/home/pi/RetroPie/roms/arcade/gt3d.zip'] 
INFO:The total numbers of args passed to the script: 4 
INFO:Args list: ['/home/pi/custom/setLedByGame.py', 'emulationstation', 'emulationstation', 'emulationstation'] 
INFO:The total numbers of args passed to the script: 1 
INFO:Args list: ['/home/pi/custom/test/adafruit/ledSetGame.py'] 
INFO:The total numbers of args passed to the script: 4 
INFO:Args list: ['/home/pi/custom/setLedByGame.py', 'arcade', 'lr-fbneo', '/home/pi/RetroPie/roms/arcade/twinkle.zip'] 
INFO:The total numbers of args passed to the script: 1 
INFO:Args list: ['/home/pi/custom/test/adafruit/ledSetGame.py'] 
INFO:The total numbers of args passed to the script: 4 
INFO:Args list: ['/home/pi/custom/setLedByGame.py', 'arcade', 'lr-mame2010', '/home/pi/RetroPie/roms/arcade/wcbowldx.zip'] 
INFO:The total numbers of args passed to the script: 4 
INFO:Args list: ['/home/pi/custom/setLedByGame.py', 'emulationstation', 'emulationstation', 'emulationstation'] 
INFO:The total numbers of args passed to the script: 6 
INFO:Args list: ['/home/pi/custom/setLedByGame.py', 'psp', 'ppsspp-1.5.4', '/home/pi/RetroPie/roms/psp/PAC-MAN', 'Championship', 'Edition.iso'] 
INFO:The total numbers of args passed to the script: 4 
INFO:Args list: ['/home/pi/custom/setLedByGame.py', 'emulationstation', 'emulationstation', 'emulationstation'] 
INFO:The total numbers of args passed to the script: 7 
INFO:Args list: ['/home/pi/custom/setLedByGame.py', 'psx', 'lr-pcsx-rearmed', '/home/pi/RetroPie/roms/psx/Mortal', 'Kombat', '3', '(USA).chd'] 
INFO:The total numbers of args passed to the script: 4 
INFO:Args list: ['/home/pi/custom/setLedByGame.py', 'emulationstation', 'emulationstation', 'emulationstation'] 
INFO:The total numbers of args passed to the script: 3 
INFO:Args list: ['/home/pi/custom/setLedByGame.py', 'superflappybirds', 'lr-superflappybirds'] 
INFO:The total numbers of args passed to the script: 4 
INFO:Args list: ['/home/pi/custom/setLedByGame.py', 'emulationstation', 'emulationstation', 'emulationstation'] 
INFO:The total numbers of args passed to the script: 1 
INFO:Args list: ['/home/pi/custom/test/adafruit/ledSetGame.py'] 
INFO:The total numbers of args passed to the script: 4 
INFO:Args list: ['/home/pi/custom/setLedByGame.py', 'godot-engine', 'godot-engine-3.2.3', '/home/pi/RetroPie/roms/godot-engine/DotsAdventure.zip'] 
INFO:The total numbers of args passed to the script: 4 
INFO:Args list: ['/home/pi/custom/setLedByGame.py', 'emulationstation', 'emulationstation', 'emulationstation'] 
INFO:The total numbers of args passed to the script: 1 
INFO:Args list: ['/home/pi/custom/test/adafruit/ledSetGame.py'] 
INFO:The total numbers of args passed to the script: 9 
INFO:Args list: ['/home/pi/custom/setLedByGame.py', 'psx', 'lr-pcsx-rearmed', '/home/pi/RetroPie/roms/psx/X-Men', '-', 'Mutant', 'Academy', '2', '(USA).chd'] 
INFO:The total numbers of args passed to the script: 1 
INFO:Args list: ['/home/pi/custom/test/adafruit/ledSetGame.py'] 
INFO:The total numbers of args passed to the script: 3 
INFO:Args list: ['/home/pi/custom/setLedByGame.py', 'smw', 'smw'] 
INFO:The total numbers of args passed to the script: 4 
INFO:Args list: ['/home/pi/custom/setLedByGame.py', 'emulationstation', 'emulationstation', 'emulationstation'] 
INFO:The total numbers of args passed to the script: 3 
INFO:Args list: ['/home/pi/custom/setLedByGame.py', 'smw', 'smw'] 
INFO:The total numbers of args passed to the script: 4 
INFO:Args list: ['/home/pi/custom/setLedByGame.py', 'emulationstation', 'emulationstation', 'emulationstation'] 
INFO:The total numbers of args passed to the script: 3 
INFO:Args list: ['/home/pi/custom/setLedByGame.py', 'smw', 'smw'] 
INFO:The total numbers of args passed to the script: 1 
INFO:Args list: ['/home/pi/custom/test/adafruit/ledSetGame.py'] 
INFO:The total numbers of args passed to the script: 9 
INFO:Args list: ['/home/pi/custom/setLedByGame.py', 'psx', 'lr-pcsx-rearmed', '/home/pi/RetroPie/roms/psx/X-Men', '-', 'Mutant', 'Academy', '2', '(USA).chd'] 
INFO:The total numbers of args passed to the script: 4 
INFO:Args list: ['/home/pi/custom/setLedByGame.py', 'emulationstation', 'emulationstation', 'emulationstation'] 
INFO:The total numbers of args passed to the script: 3 
INFO:Args list: ['/home/pi/custom/setLedByGame.py', 'superflappybirds', 'lr-superflappybirds'] 
INFO:The total numbers of args passed to the script: 4 
INFO:Args list: ['/home/pi/custom/setLedByGame.py', 'emulationstation', 'emulationstation', 'emulationstation'] 
INFO:The total numbers of args passed to the script: 3 
INFO:Args list: ['/home/pi/custom/setLedByGame.py', 'superflappybirds', 'lr-superflappybirds'] 
INFO:The total numbers of args passed to the script: 4 
INFO:Args list: ['/home/pi/custom/setLedByGame.py', 'emulationstation', 'emulationstation', 'emulationstation'] 
INFO:The total numbers of args passed to the script: 3 
INFO:Args list: ['/home/pi/custom/setLedByGame.py', 'superflappybirds', 'lr-superflappybirds'] 
INFO:The total numbers of args passed to the script: 1 
INFO:Args list: ['/home/pi/custom/test/adafruit/ledSetGame.py'] 
INFO:The total numbers of args passed to the script: 9 
INFO:Args list: ['/home/pi/custom/setLedByGame.py', 'psx', 'lr-pcsx-rearmed', '/home/pi/RetroPie/roms/psx/X-Men', '-', 'Mutant', 'Academy', '2', '(USA).chd'] 
INFO:The total numbers of args passed to the script: 4 
INFO:Args list: ['/home/pi/custom/setLedByGame.py', 'emulationstation', 'emulationstation', 'emulationstation'] 
INFO:The total numbers of args passed to the script: 4 
INFO:Args list: ['/home/pi/custom/setLedByGame.py', 'arcade', 'lr-fbneo', '/home/pi/RetroPie/roms/arcade/ddp2.zip'] 
INFO:The total numbers of args passed to the script: 4 
INFO:Args list: ['/home/pi/custom/setLedByGame.py', 'emulationstation', 'emulationstation', 'emulationstation'] 
INFO:The total numbers of args passed to the script: 1 
INFO:Args list: ['/home/pi/custom/test/adafruit/ledSetGame.py'] 
INFO:The total numbers of args passed to the script: 3 
INFO:Args list: ['/home/pi/custom/setLedByGame.py', 'smw', 'smw'] 
INFO:The total numbers of args passed to the script: 4 
INFO:Args list: ['/home/pi/custom/setLedByGame.py', 'emulationstation', 'emulationstation', 'emulationstation'] 
INFO:The total numbers of args passed to the script: 3 
INFO:Args list: ['/home/pi/custom/setLedByGame.py', 'smw', 'smw'] 
INFO:The total numbers of args passed to the script: 1 
INFO:Args list: ['/home/pi/custom/test/adafruit/ledSetGame.py'] 
INFO:The total numbers of args passed to the script: 4 
INFO:Args list: ['/home/pi/custom/setLedByGame.py', 'arcade', 'lr-fbneo', '/home/pi/RetroPie/roms/arcade/frogger.zip'] 
INFO:The total numbers of args passed to the script: 1 
INFO:Args list: ['/home/pi/custom/test/adafruit/ledSetGame.py'] 
INFO:The total numbers of args passed to the script: 9 
INFO:Args list: ['/home/pi/custom/setLedByGame.py', 'psx', 'lr-pcsx-rearmed', '/home/pi/RetroPie/roms/psx/X-Men', '-', 'Mutant', 'Academy', '2', '(USA).chd'] 
INFO:The total numbers of args passed to the script: 4 
INFO:Args list: ['/home/pi/custom/setLedByGame.py', 'emulationstation', 'emulationstation', 'emulationstation'] 
INFO:The total numbers of args passed to the script: 7 
INFO:Args list: ['/home/pi/custom/setLedByGame.py', 'atari7800', 'lr-prosystem', '/home/pi/RetroPie/roms/atari7800/Ace', 'of', 'Aces', '(USA).zip'] 
INFO:The total numbers of args passed to the script: 4 
INFO:Args list: ['/home/pi/custom/setLedByGame.py', 'emulationstation', 'emulationstation', 'emulationstation'] 
INFO:The total numbers of args passed to the script: 4 
INFO:Args list: ['/home/pi/custom/setLedByGame.py', 'arcade', 'lr-mame2010', '/home/pi/RetroPie/roms/arcade/wcbowldx.zip'] 
INFO:The total numbers of args passed to the script: 4 
INFO:Args list: ['/home/pi/custom/setLedByGame.py', 'emulationstation', 'emulationstation', 'emulationstation'] 
INFO:The total numbers of args passed to the script: 4 
INFO:Args list: ['/home/pi/custom/setLedByGame.py', 'arcade', 'lr-mame2003', '/home/pi/RetroPie/roms/arcade/wcbowl.zip'] 
INFO:The total numbers of args passed to the script: 4 
INFO:Args list: ['/home/pi/custom/setLedByGame.py', 'emulationstation', 'emulationstation', 'emulationstation'] 
INFO:The total numbers of args passed to the script: 4 
INFO:Args list: ['/home/pi/custom/setLedByGame.py', 'arcade', 'lr-mame2003', '/home/pi/RetroPie/roms/arcade/wcbowl.zip'] 
INFO:The total numbers of args passed to the script: 4 
INFO:Args list: ['/home/pi/custom/setLedByGame.py', 'emulationstation', 'emulationstation', 'emulationstation'] 
INFO:The total numbers of args passed to the script: 4 
INFO:Args list: ['/home/pi/custom/setLedByGame.py', 'arcade', 'lr-mame2010', '/home/pi/RetroPie/roms/arcade/wcbowldx.zip'] 
INFO:The total numbers of args passed to the script: 4 
INFO:Args list: ['/home/pi/custom/setLedByGame.py', 'emulationstation', 'emulationstation', 'emulationstation'] 
INFO:The total numbers of args passed to the script: 9 
INFO:Args list: ['/home/pi/custom/setLedByGame.py', 'psx', 'lr-pcsx-rearmed', '/home/pi/RetroPie/roms/psx/X-Men', '-', 'Mutant', 'Academy', '2', '(USA).chd'] 
INFO:The total numbers of args passed to the script: 1 
INFO:Args list: ['/home/pi/custom/test/adafruit/ledSetGame.py'] 
INFO:The total numbers of args passed to the script: 1 
INFO:Args list: ['/home/pi/custom/test/adafruit/ledSetGame.py'] 
INFO:The total numbers of args passed to the script: 3 
INFO:Args list: ['/home/pi/custom/setLedByGame.py', 'superflappybirds', 'lr-superflappybirds'] 
INFO:The total numbers of args passed to the script: 4 
INFO:Args list: ['/home/pi/custom/setLedByGame.py', 'emulationstation', 'emulationstation', 'emulationstation'] 
INFO:The total numbers of args passed to the script: 3 
INFO:Args list: ['/home/pi/custom/setLedByGame.py', 'jumpnbump', 'jumpnbump'] 
INFO:The total numbers of args passed to the script: 1 
INFO:Args list: ['/home/pi/custom/test/adafruit/ledSetGame.py'] 
INFO:The total numbers of args passed to the script: 3 
INFO:Args list: ['/home/pi/custom/setLedByGame.py', 'smw', 'smw'] 
INFO:The total numbers of args passed to the script: 4 
INFO:Args list: ['/home/pi/custom/setLedByGame.py', 'emulationstation', 'emulationstation', 'emulationstation'] 
INFO:The total numbers of args passed to the script: 3 
INFO:Args list: ['/home/pi/custom/setLedByGame.py', 'smw', 'smw'] 
INFO:The total numbers of args passed to the script: 1 
INFO:Args list: ['/home/pi/custom/test/adafruit/ledSetGame.py'] 
INFO:The total numbers of args passed to the script: 3 
INFO:Args list: ['/home/pi/custom/setLedByGame.py', 'smw', 'smw'] 
INFO:The total numbers of args passed to the script: 1 
INFO:Args list: ['/home/pi/custom/test/adafruit/ledSetGame.py'] 
INFO:The total numbers of args passed to the script: 4 
INFO:Args list: ['/home/pi/custom/setLedByGame.py', 'arcade', 'lr-mame2003', '/home/pi/RetroPie/roms/arcade/rmpgwt.zip'] 
INFO:The total numbers of args passed to the script: 4 
INFO:Args list: ['/home/pi/custom/setLedByGame.py', 'emulationstation', 'emulationstation', 'emulationstation'] 
INFO:The total numbers of args passed to the script: 1 
INFO:Args list: ['/home/pi/custom/test/adafruit/ledSetGame.py'] 
INFO:The total numbers of args passed to the script: 4 
INFO:Args list: ['/home/pi/custom/setLedByGame.py', 'godot-engine', 'godot-engine-3.2.3', '/home/pi/RetroPie/roms/godot-engine/DotsAdventure.zip'] 
INFO:The total numbers of args passed to the script: 1 
INFO:Args list: ['/home/pi/custom/test/adafruit/ledSetGame.py'] 
INFO:The total numbers of args passed to the script: 4 
INFO:Args list: ['/home/pi/custom/setLedByGame.py', 'arcade', 'lr-mame2003', '/home/pi/RetroPie/roms/arcade/simpsons.zip'] 
INFO:The total numbers of args passed to the script: 4 
INFO:Args list: ['/home/pi/custom/setLedByGame.py', 'emulationstation', 'emulationstation', 'emulationstation'] 
INFO:The total numbers of args passed to the script: 3 
INFO:Args list: ['/home/pi/custom/setLedByGame.py', 'openbor', 'openbor'] 
INFO:The total numbers of args passed to the script: 4 
INFO:Args list: ['/home/pi/custom/setLedByGame.py', 'emulationstation', 'emulationstation', 'emulationstation'] 
INFO:The total numbers of args passed to the script: 4 
INFO:Args list: ['/home/pi/custom/setLedByGame.py', 'arcade', 'lr-fbneo', '/home/pi/RetroPie/roms/arcade/circusc.zip'] 
INFO:The total numbers of args passed to the script: 4 
INFO:Args list: ['/home/pi/custom/setLedByGame.py', 'emulationstation', 'emulationstation', 'emulationstation'] 
INFO:The total numbers of args passed to the script: 9 
INFO:Args list: ['/home/pi/custom/setLedByGame.py', 'psx', 'lr-pcsx-rearmed', '/home/pi/RetroPie/roms/psx/X-Men', '-', 'Mutant', 'Academy', '2', '(USA).chd'] 
INFO:The total numbers of args passed to the script: 4 
INFO:Args list: ['/home/pi/custom/setLedByGame.py', 'emulationstation', 'emulationstation', 'emulationstation'] 
INFO:The total numbers of args passed to the script: 3 
INFO:Args list: ['/home/pi/custom/setLedByGame.py', 'superflappybirds', 'lr-superflappybirds'] 
INFO:The total numbers of args passed to the script: 4 
INFO:Args list: ['/home/pi/custom/setLedByGame.py', 'emulationstation', 'emulationstation', 'emulationstation'] 
INFO:The total numbers of args passed to the script: 1 
INFO:Args list: ['/home/pi/custom/test/adafruit/ledSetGame.py'] 
INFO:The total numbers of args passed to the script: 3 
INFO:Args list: ['/home/pi/custom/setLedByGame.py', 'superflappybirds', 'lr-superflappybirds'] 
INFO:The total numbers of args passed to the script: 4 
INFO:Args list: ['/home/pi/custom/setLedByGame.py', 'emulationstation', 'emulationstation', 'emulationstation'] 
INFO:The total numbers of args passed to the script: 4 
INFO:Args list: ['/home/pi/custom/setLedByGame.py', 'arcade', 'lr-mame2003', '/home/pi/RetroPie/roms/arcade/simpsons.zip'] 
INFO:The total numbers of args passed to the script: 4 
INFO:Args list: ['/home/pi/custom/setLedByGame.py', 'emulationstation', 'emulationstation', 'emulationstation'] 
INFO:The total numbers of args passed to the script: 4 
INFO:Args list: ['/home/pi/custom/setLedByGame.py', 'godot-engine', 'godot-engine-3.2.3', '/home/pi/RetroPie/roms/godot-engine/DotsAdventure.zip'] 
INFO:The total numbers of args passed to the script: 4 
INFO:Args list: ['/home/pi/custom/setLedByGame.py', 'emulationstation', 'emulationstation', 'emulationstation'] 
INFO:The total numbers of args passed to the script: 1 
INFO:Args list: ['/home/pi/custom/test/adafruit/ledSetGame.py'] 
INFO:The total numbers of args passed to the script: 4 
INFO:Args list: ['/home/pi/custom/setLedByGame.py', 'godot-engine', 'godot-engine-3.2.3', '/home/pi/RetroPie/roms/godot-engine/DotsAdventure.zip'] 
INFO:The total numbers of args passed to the script: 4 
INFO:Args list: ['/home/pi/custom/setLedByGame.py', 'emulationstation', 'emulationstation', 'emulationstation'] 
INFO:The total numbers of args passed to the script: 4 
INFO:Args list: ['/home/pi/custom/setLedByGame.py', 'godot-engine', 'godot-engine-3.2.3', '/home/pi/RetroPie/roms/godot-engine/DotsAdventure.zip'] 
INFO:The total numbers of args passed to the script: 4 
INFO:Args list: ['/home/pi/custom/setLedByGame.py', 'emulationstation', 'emulationstation', 'emulationstation'] 
INFO:The total numbers of args passed to the script: 4 
INFO:Args list: ['/home/pi/custom/setLedByGame.py', 'arcade', 'lr-mame2003', '/home/pi/RetroPie/roms/arcade/spiker.zip'] 
INFO:The total numbers of args passed to the script: 4 
INFO:Args list: ['/home/pi/custom/setLedByGame.py', 'emulationstation', 'emulationstation', 'emulationstation'] 
INFO:The total numbers of args passed to the script: 4 
INFO:Args list: ['/home/pi/custom/setLedByGame.py', 'arcade', 'lr-fbneo', '/home/pi/RetroPie/roms/arcade/tgm2.zip'] 
INFO:The total numbers of args passed to the script: 4 
INFO:Args list: ['/home/pi/custom/setLedByGame.py', 'emulationstation', 'emulationstation', 'emulationstation'] 
INFO:The total numbers of args passed to the script: 4 
INFO:Args list: ['/home/pi/custom/setLedByGame.py', 'godot-engine', 'godot-engine-3.2.3', '/home/pi/RetroPie/roms/godot-engine/DotsAdventure.zip'] 
INFO:The total numbers of args passed to the script: 4 
INFO:Args list: ['/home/pi/custom/setLedByGame.py', 'emulationstation', 'emulationstation', 'emulationstation'] 
INFO:The total numbers of args passed to the script: 4 
INFO:Args list: ['/home/pi/custom/setLedByGame.py', 'godot-engine', 'godot-engine-3.2.3', '/home/pi/RetroPie/roms/godot-engine/DotsAdventure.zip'] 
INFO:The total numbers of args passed to the script: 4 
INFO:Args list: ['/home/pi/custom/setLedByGame.py', 'emulationstation', 'emulationstation', 'emulationstation'] 
